{"/Users/mohammadabdullahrihan/Projects/The-wait/thewait-backend/server.js": {"path":"/Users/mohammadabdullahrihan/Projects/The-wait/thewait-backend/server.js","statementMap":{"0":{"start":{"line":1,"column":0},"end":{"line":1,"column":27}},"1":{"start":{"line":2,"column":16},"end":{"line":2,"column":34}},"2":{"start":{"line":3,"column":13},"end":{"line":3,"column":28}},"3":{"start":{"line":4,"column":15},"end":{"line":4,"column":32}},"4":{"start":{"line":5,"column":15},"end":{"line":5,"column":32}},"5":{"start":{"line":6,"column":18},"end":{"line":6,"column":47}},"6":{"start":{"line":7,"column":18},"end":{"line":7,"column":40}},"7":{"start":{"line":9,"column":12},"end":{"line":9,"column":21}},"8":{"start":{"line":12,"column":0},"end":{"line":14,"column":1}},"9":{"start":{"line":13,"column":2},"end":{"line":13,"column":14}},"10":{"start":{"line":17,"column":0},"end":{"line":17,"column":18}},"11":{"start":{"line":18,"column":0},"end":{"line":23,"column":2}},"12":{"start":{"line":26,"column":16},"end":{"line":33,"column":2}},"13":{"start":{"line":34,"column":0},"end":{"line":34,"column":26}},"14":{"start":{"line":37,"column":0},"end":{"line":37,"column":41}},"15":{"start":{"line":38,"column":0},"end":{"line":38,"column":48}},"16":{"start":{"line":41,"column":0},"end":{"line":43,"column":1}},"17":{"start":{"line":42,"column":2},"end":{"line":42,"column":25}},"18":{"start":{"line":46,"column":0},"end":{"line":46,"column":47}},"19":{"start":{"line":47,"column":0},"end":{"line":47,"column":55}},"20":{"start":{"line":48,"column":0},"end":{"line":48,"column":51}},"21":{"start":{"line":49,"column":0},"end":{"line":49,"column":53}},"22":{"start":{"line":50,"column":0},"end":{"line":50,"column":49}},"23":{"start":{"line":51,"column":0},"end":{"line":51,"column":53}},"24":{"start":{"line":52,"column":0},"end":{"line":52,"column":57}},"25":{"start":{"line":53,"column":0},"end":{"line":53,"column":59}},"26":{"start":{"line":56,"column":0},"end":{"line":62,"column":3}},"27":{"start":{"line":57,"column":2},"end":{"line":61,"column":5}},"28":{"start":{"line":65,"column":0},"end":{"line":71,"column":3}},"29":{"start":{"line":66,"column":2},"end":{"line":66,"column":27}},"30":{"start":{"line":67,"column":2},"end":{"line":70,"column":5}},"31":{"start":{"line":74,"column":0},"end":{"line":78,"column":3}},"32":{"start":{"line":75,"column":2},"end":{"line":77,"column":72}},"33":{"start":{"line":80,"column":13},"end":{"line":80,"column":37}},"34":{"start":{"line":81,"column":0},"end":{"line":86,"column":1}},"35":{"start":{"line":82,"column":2},"end":{"line":85,"column":5}},"36":{"start":{"line":83,"column":4},"end":{"line":83,"column":51}},"37":{"start":{"line":84,"column":4},"end":{"line":84,"column":56}},"38":{"start":{"line":88,"column":0},"end":{"line":88,"column":21}}},"fnMap":{"0":{"name":"(anonymous_0)","decl":{"start":{"line":56,"column":23},"end":{"line":56,"column":24}},"loc":{"start":{"line":56,"column":37},"end":{"line":62,"column":1}},"line":56},"1":{"name":"(anonymous_1)","decl":{"start":{"line":65,"column":8},"end":{"line":65,"column":9}},"loc":{"start":{"line":65,"column":33},"end":{"line":71,"column":1}},"line":65},"2":{"name":"(anonymous_2)","decl":{"start":{"line":74,"column":8},"end":{"line":74,"column":9}},"loc":{"start":{"line":74,"column":22},"end":{"line":78,"column":1}},"line":74},"3":{"name":"(anonymous_3)","decl":{"start":{"line":82,"column":19},"end":{"line":82,"column":20}},"loc":{"start":{"line":82,"column":25},"end":{"line":85,"column":3}},"line":82}},"branchMap":{"0":{"loc":{"start":{"line":12,"column":0},"end":{"line":14,"column":1}},"type":"if","locations":[{"start":{"line":12,"column":0},"end":{"line":14,"column":1}},{"start":{},"end":{}}],"line":12},"1":{"loc":{"start":{"line":20,"column":12},"end":{"line":20,"column":63}},"type":"binary-expr","locations":[{"start":{"line":20,"column":12},"end":{"line":20,"column":36}},{"start":{"line":20,"column":40},"end":{"line":20,"column":63}}],"line":20},"2":{"loc":{"start":{"line":41,"column":0},"end":{"line":43,"column":1}},"type":"if","locations":[{"start":{"line":41,"column":0},"end":{"line":43,"column":1}},{"start":{},"end":{}}],"line":41},"3":{"loc":{"start":{"line":67,"column":13},"end":{"line":67,"column":30}},"type":"binary-expr","locations":[{"start":{"line":67,"column":13},"end":{"line":67,"column":23}},{"start":{"line":67,"column":27},"end":{"line":67,"column":30}}],"line":67},"4":{"loc":{"start":{"line":69,"column":13},"end":{"line":69,"column":52}},"type":"binary-expr","locations":[{"start":{"line":69,"column":13},"end":{"line":69,"column":24}},{"start":{"line":69,"column":28},"end":{"line":69,"column":52}}],"line":69},"5":{"loc":{"start":{"line":80,"column":13},"end":{"line":80,"column":37}},"type":"binary-expr","locations":[{"start":{"line":80,"column":13},"end":{"line":80,"column":29}},{"start":{"line":80,"column":33},"end":{"line":80,"column":37}}],"line":80},"6":{"loc":{"start":{"line":81,"column":0},"end":{"line":86,"column":1}},"type":"if","locations":[{"start":{"line":81,"column":0},"end":{"line":86,"column":1}},{"start":{},"end":{}}],"line":81}},"s":{"0":9,"1":9,"2":9,"3":9,"4":9,"5":9,"6":9,"7":9,"8":9,"9":0,"10":9,"11":9,"12":9,"13":9,"14":9,"15":9,"16":9,"17":0,"18":9,"19":9,"20":9,"21":9,"22":9,"23":9,"24":9,"25":9,"26":9,"27":1,"28":9,"29":0,"30":0,"31":9,"32":1,"33":9,"34":9,"35":0,"36":0,"37":0,"38":9},"f":{"0":1,"1":0,"2":1,"3":0},"b":{"0":[0,9],"1":[9,9],"2":[0,9],"3":[0,0],"4":[0,0],"5":[9,0],"6":[0,9]},"_coverageSchema":"1a1c01bbd47fc00a2c39e90264f33305004495a9","hash":"d01e6d90a52b481a4e4df4427c976935ceb867eb"}
,"/Users/mohammadabdullahrihan/Projects/The-wait/thewait-backend/middleware/auth.js": {"path":"/Users/mohammadabdullahrihan/Projects/The-wait/thewait-backend/middleware/auth.js","statementMap":{"0":{"start":{"line":1,"column":12},"end":{"line":1,"column":35}},"1":{"start":{"line":2,"column":13},"end":{"line":2,"column":38}},"2":{"start":{"line":4,"column":16},"end":{"line":29,"column":1}},"3":{"start":{"line":6,"column":2},"end":{"line":11,"column":3}},"4":{"start":{"line":10,"column":4},"end":{"line":10,"column":52}},"5":{"start":{"line":12,"column":2},"end":{"line":16,"column":3}},"6":{"start":{"line":13,"column":4},"end":{"line":15,"column":75}},"7":{"start":{"line":17,"column":2},"end":{"line":28,"column":3}},"8":{"start":{"line":18,"column":20},"end":{"line":18,"column":61}},"9":{"start":{"line":19,"column":4},"end":{"line":19,"column":47}},"10":{"start":{"line":20,"column":4},"end":{"line":24,"column":5}},"11":{"start":{"line":21,"column":6},"end":{"line":23,"column":66}},"12":{"start":{"line":25,"column":4},"end":{"line":25,"column":11}},"13":{"start":{"line":27,"column":4},"end":{"line":27,"column":80}},"14":{"start":{"line":31,"column":0},"end":{"line":31,"column":29}}},"fnMap":{"0":{"name":"(anonymous_0)","decl":{"start":{"line":4,"column":16},"end":{"line":4,"column":17}},"loc":{"start":{"line":4,"column":42},"end":{"line":29,"column":1}},"line":4}},"branchMap":{"0":{"loc":{"start":{"line":6,"column":2},"end":{"line":11,"column":3}},"type":"if","locations":[{"start":{"line":6,"column":2},"end":{"line":11,"column":3}},{"start":{},"end":{}}],"line":6},"1":{"loc":{"start":{"line":7,"column":4},"end":{"line":8,"column":50}},"type":"binary-expr","locations":[{"start":{"line":7,"column":4},"end":{"line":7,"column":29}},{"start":{"line":8,"column":4},"end":{"line":8,"column":50}}],"line":7},"2":{"loc":{"start":{"line":12,"column":2},"end":{"line":16,"column":3}},"type":"if","locations":[{"start":{"line":12,"column":2},"end":{"line":16,"column":3}},{"start":{},"end":{}}],"line":12},"3":{"loc":{"start":{"line":20,"column":4},"end":{"line":24,"column":5}},"type":"if","locations":[{"start":{"line":20,"column":4},"end":{"line":24,"column":5}},{"start":{},"end":{}}],"line":20}},"s":{"0":9,"1":9,"2":9,"3":52,"4":46,"5":52,"6":6,"7":46,"8":46,"9":46,"10":46,"11":0,"12":46,"13":0,"14":9},"f":{"0":52},"b":{"0":[46,6],"1":[52,46],"2":[6,46],"3":[0,46]},"_coverageSchema":"1a1c01bbd47fc00a2c39e90264f33305004495a9","hash":"a6e7a2b9493fc5089d0e1cc231c0febaee913e81"}
,"/Users/mohammadabdullahrihan/Projects/The-wait/thewait-backend/models/Habit.js": {"path":"/Users/mohammadabdullahrihan/Projects/The-wait/thewait-backend/models/Habit.js","statementMap":{"0":{"start":{"line":1,"column":17},"end":{"line":1,"column":36}},"1":{"start":{"line":3,"column":20},"end":{"line":24,"column":1}},"2":{"start":{"line":26,"column":0},"end":{"line":26,"column":60}},"3":{"start":{"line":29,"column":0},"end":{"line":41,"column":3}},"4":{"start":{"line":30,"column":12},"end":{"line":30,"column":29}},"5":{"start":{"line":31,"column":17},"end":{"line":39,"column":3}},"6":{"start":{"line":40,"column":2},"end":{"line":40,"column":50}},"7":{"start":{"line":43,"column":0},"end":{"line":43,"column":54}}},"fnMap":{"0":{"name":"(anonymous_0)","decl":{"start":{"line":29,"column":24},"end":{"line":29,"column":25}},"loc":{"start":{"line":29,"column":36},"end":{"line":41,"column":1}},"line":29}},"branchMap":{"0":{"loc":{"start":{"line":30,"column":12},"end":{"line":30,"column":29}},"type":"binary-expr","locations":[{"start":{"line":30,"column":12},"end":{"line":30,"column":23}},{"start":{"line":30,"column":27},"end":{"line":30,"column":29}}],"line":30}},"s":{"0":9,"1":9,"2":9,"3":9,"4":3,"5":3,"6":3,"7":9},"f":{"0":3},"b":{"0":[3,0]},"_coverageSchema":"1a1c01bbd47fc00a2c39e90264f33305004495a9","hash":"7bc9ddec76bc8c3e11bef46883376d9a48982e47"}
,"/Users/mohammadabdullahrihan/Projects/The-wait/thewait-backend/models/Journal.js": {"path":"/Users/mohammadabdullahrihan/Projects/The-wait/thewait-backend/models/Journal.js","statementMap":{"0":{"start":{"line":1,"column":17},"end":{"line":1,"column":36}},"1":{"start":{"line":3,"column":22},"end":{"line":19,"column":1}},"2":{"start":{"line":21,"column":0},"end":{"line":21,"column":62}},"3":{"start":{"line":23,"column":0},"end":{"line":23,"column":58}}},"fnMap":{},"branchMap":{},"s":{"0":9,"1":9,"2":9,"3":9},"f":{},"b":{},"_coverageSchema":"1a1c01bbd47fc00a2c39e90264f33305004495a9","hash":"aca8ebd133007c203f153eafa79d389374f8e8d3"}
,"/Users/mohammadabdullahrihan/Projects/The-wait/thewait-backend/models/Milestone.js": {"path":"/Users/mohammadabdullahrihan/Projects/The-wait/thewait-backend/models/Milestone.js","statementMap":{"0":{"start":{"line":1,"column":17},"end":{"line":1,"column":36}},"1":{"start":{"line":3,"column":24},"end":{"line":28,"column":1}},"2":{"start":{"line":30,"column":0},"end":{"line":30,"column":62}}},"fnMap":{},"branchMap":{},"s":{"0":9,"1":9,"2":9},"f":{},"b":{},"_coverageSchema":"1a1c01bbd47fc00a2c39e90264f33305004495a9","hash":"5454356790fb826dab8449f5d7d552a74411069a"}
,"/Users/mohammadabdullahrihan/Projects/The-wait/thewait-backend/models/Routine.js": {"path":"/Users/mohammadabdullahrihan/Projects/The-wait/thewait-backend/models/Routine.js","statementMap":{"0":{"start":{"line":1,"column":17},"end":{"line":1,"column":36}},"1":{"start":{"line":3,"column":22},"end":{"line":29,"column":1}},"2":{"start":{"line":31,"column":0},"end":{"line":31,"column":71}},"3":{"start":{"line":33,"column":0},"end":{"line":33,"column":58}}},"fnMap":{},"branchMap":{},"s":{"0":9,"1":9,"2":9,"3":9},"f":{},"b":{},"_coverageSchema":"1a1c01bbd47fc00a2c39e90264f33305004495a9","hash":"f2625568d36cc8f4495a999cc65a7558e607197d"}
,"/Users/mohammadabdullahrihan/Projects/The-wait/thewait-backend/models/StudyProgress.js": {"path":"/Users/mohammadabdullahrihan/Projects/The-wait/thewait-backend/models/StudyProgress.js","statementMap":{"0":{"start":{"line":1,"column":17},"end":{"line":1,"column":36}},"1":{"start":{"line":3,"column":28},"end":{"line":49,"column":1}},"2":{"start":{"line":51,"column":0},"end":{"line":51,"column":71}},"3":{"start":{"line":53,"column":0},"end":{"line":53,"column":70}}},"fnMap":{},"branchMap":{},"s":{"0":9,"1":9,"2":9,"3":9},"f":{},"b":{},"_coverageSchema":"1a1c01bbd47fc00a2c39e90264f33305004495a9","hash":"386dcddc3f1e324a644097ef7e8a8edbbfec35bc"}
,"/Users/mohammadabdullahrihan/Projects/The-wait/thewait-backend/models/User.js": {"path":"/Users/mohammadabdullahrihan/Projects/The-wait/thewait-backend/models/User.js","statementMap":{"0":{"start":{"line":1,"column":17},"end":{"line":1,"column":36}},"1":{"start":{"line":2,"column":15},"end":{"line":2,"column":34}},"2":{"start":{"line":4,"column":19},"end":{"line":47,"column":1}},"3":{"start":{"line":50,"column":0},"end":{"line":54,"column":3}},"4":{"start":{"line":51,"column":2},"end":{"line":51,"column":43}},"5":{"start":{"line":51,"column":36},"end":{"line":51,"column":43}},"6":{"start":{"line":52,"column":15},"end":{"line":52,"column":39}},"7":{"start":{"line":53,"column":2},"end":{"line":53,"column":57}},"8":{"start":{"line":57,"column":0},"end":{"line":59,"column":2}},"9":{"start":{"line":58,"column":2},"end":{"line":58,"column":62}},"10":{"start":{"line":62,"column":0},"end":{"line":65,"column":2}},"11":{"start":{"line":63,"column":21},"end":{"line":63,"column":24}},"12":{"start":{"line":64,"column":2},"end":{"line":64,"column":54}},"13":{"start":{"line":67,"column":0},"end":{"line":67,"column":52}}},"fnMap":{"0":{"name":"(anonymous_0)","decl":{"start":{"line":50,"column":23},"end":{"line":50,"column":24}},"loc":{"start":{"line":50,"column":41},"end":{"line":54,"column":1}},"line":50},"1":{"name":"(anonymous_1)","decl":{"start":{"line":57,"column":37},"end":{"line":57,"column":38}},"loc":{"start":{"line":57,"column":70},"end":{"line":59,"column":1}},"line":57},"2":{"name":"(anonymous_2)","decl":{"start":{"line":62,"column":36},"end":{"line":62,"column":37}},"loc":{"start":{"line":62,"column":48},"end":{"line":65,"column":1}},"line":62}},"branchMap":{"0":{"loc":{"start":{"line":51,"column":2},"end":{"line":51,"column":43}},"type":"if","locations":[{"start":{"line":51,"column":2},"end":{"line":51,"column":43}},{"start":{},"end":{}}],"line":51}},"s":{"0":9,"1":9,"2":9,"3":9,"4":45,"5":3,"6":42,"7":42,"8":9,"9":2,"10":9,"11":3,"12":3,"13":9},"f":{"0":45,"1":2,"2":3},"b":{"0":[3,42]},"_coverageSchema":"1a1c01bbd47fc00a2c39e90264f33305004495a9","hash":"9a83fa710f624d08410827a0df629c78f96ec80f"}
,"/Users/mohammadabdullahrihan/Projects/The-wait/thewait-backend/models/Workout.js": {"path":"/Users/mohammadabdullahrihan/Projects/The-wait/thewait-backend/models/Workout.js","statementMap":{"0":{"start":{"line":1,"column":17},"end":{"line":1,"column":36}},"1":{"start":{"line":3,"column":22},"end":{"line":38,"column":1}},"2":{"start":{"line":40,"column":0},"end":{"line":40,"column":44}},"3":{"start":{"line":42,"column":0},"end":{"line":42,"column":58}}},"fnMap":{},"branchMap":{},"s":{"0":9,"1":9,"2":9,"3":9},"f":{},"b":{},"_coverageSchema":"1a1c01bbd47fc00a2c39e90264f33305004495a9","hash":"7dc86277f0a011018567d85b96fad0586d0ab0bb"}
,"/Users/mohammadabdullahrihan/Projects/The-wait/thewait-backend/routes/analytics.js": {"path":"/Users/mohammadabdullahrihan/Projects/The-wait/thewait-backend/routes/analytics.js","statementMap":{"0":{"start":{"line":1,"column":16},"end":{"line":1,"column":34}},"1":{"start":{"line":2,"column":15},"end":{"line":2,"column":31}},"2":{"start":{"line":3,"column":14},"end":{"line":3,"column":40}},"3":{"start":{"line":4,"column":16},"end":{"line":4,"column":44}},"4":{"start":{"line":5,"column":16},"end":{"line":5,"column":44}},"5":{"start":{"line":6,"column":16},"end":{"line":6,"column":44}},"6":{"start":{"line":7,"column":22},"end":{"line":7,"column":56}},"7":{"start":{"line":8,"column":18},"end":{"line":8,"column":48}},"8":{"start":{"line":9,"column":20},"end":{"line":9,"column":49}},"9":{"start":{"line":12,"column":0},"end":{"line":152,"column":3}},"10":{"start":{"line":13,"column":2},"end":{"line":151,"column":3}},"11":{"start":{"line":14,"column":19},"end":{"line":14,"column":30}},"12":{"start":{"line":15,"column":16},"end":{"line":15,"column":26}},"13":{"start":{"line":16,"column":23},"end":{"line":16,"column":73}},"14":{"start":{"line":17,"column":23},"end":{"line":17,"column":73}},"15":{"start":{"line":19,"column":22},"end":{"line":19,"column":60}},"16":{"start":{"line":20,"column":26},"end":{"line":20,"column":64}},"17":{"start":{"line":31,"column":8},"end":{"line":41,"column":6}},"18":{"start":{"line":44,"column":26},"end":{"line":48,"column":9}},"19":{"start":{"line":46,"column":36},"end":{"line":46,"column":54}},"20":{"start":{"line":50,"column":30},"end":{"line":55,"column":9}},"21":{"start":{"line":52,"column":40},"end":{"line":52,"column":58}},"22":{"start":{"line":58,"column":6},"end":{"line":63,"column":11}},"23":{"start":{"line":65,"column":33},"end":{"line":70,"column":9}},"24":{"start":{"line":67,"column":38},"end":{"line":67,"column":60}},"25":{"start":{"line":72,"column":26},"end":{"line":72,"column":41}},"26":{"start":{"line":73,"column":28},"end":{"line":75,"column":17}},"27":{"start":{"line":74,"column":26},"end":{"line":74,"column":44}},"28":{"start":{"line":77,"column":20},"end":{"line":81,"column":9}},"29":{"start":{"line":79,"column":38},"end":{"line":79,"column":50}},"30":{"start":{"line":84,"column":28},"end":{"line":84,"column":45}},"31":{"start":{"line":85,"column":32},"end":{"line":87,"column":12}},"32":{"start":{"line":86,"column":13},"end":{"line":86,"column":37}},"33":{"start":{"line":88,"column":29},"end":{"line":90,"column":12}},"34":{"start":{"line":89,"column":13},"end":{"line":89,"column":34}},"35":{"start":{"line":93,"column":28},"end":{"line":96,"column":7}},"36":{"start":{"line":93,"column":57},"end":{"line":96,"column":5}},"37":{"start":{"line":98,"column":22},"end":{"line":101,"column":7}},"38":{"start":{"line":98,"column":54},"end":{"line":101,"column":5}},"39":{"start":{"line":104,"column":25},"end":{"line":107,"column":7}},"40":{"start":{"line":104,"column":46},"end":{"line":107,"column":5}},"41":{"start":{"line":109,"column":4},"end":{"line":148,"column":7}},"42":{"start":{"line":133,"column":47},"end":{"line":141,"column":7}},"43":{"start":{"line":136,"column":48},"end":{"line":136,"column":59}},"44":{"start":{"line":142,"column":53},"end":{"line":147,"column":7}},"45":{"start":{"line":150,"column":4},"end":{"line":150,"column":69}},"46":{"start":{"line":155,"column":0},"end":{"line":172,"column":3}},"47":{"start":{"line":156,"column":2},"end":{"line":171,"column":3}},"48":{"start":{"line":157,"column":19},"end":{"line":157,"column":30}},"49":{"start":{"line":158,"column":22},"end":{"line":158,"column":32}},"50":{"start":{"line":159,"column":4},"end":{"line":159,"column":55}},"51":{"start":{"line":160,"column":19},"end":{"line":163,"column":32}},"52":{"start":{"line":164,"column":24},"end":{"line":167,"column":7}},"53":{"start":{"line":164,"column":43},"end":{"line":167,"column":5}},"54":{"start":{"line":168,"column":4},"end":{"line":168,"column":45}},"55":{"start":{"line":170,"column":4},"end":{"line":170,"column":69}},"56":{"start":{"line":174,"column":0},"end":{"line":174,"column":24}}},"fnMap":{"0":{"name":"(anonymous_0)","decl":{"start":{"line":12,"column":34},"end":{"line":12,"column":35}},"loc":{"start":{"line":12,"column":54},"end":{"line":152,"column":1}},"line":12},"1":{"name":"(anonymous_1)","decl":{"start":{"line":46,"column":24},"end":{"line":46,"column":25}},"loc":{"start":{"line":46,"column":36},"end":{"line":46,"column":54}},"line":46},"2":{"name":"(anonymous_2)","decl":{"start":{"line":52,"column":28},"end":{"line":52,"column":29}},"loc":{"start":{"line":52,"column":40},"end":{"line":52,"column":58}},"line":52},"3":{"name":"(anonymous_3)","decl":{"start":{"line":67,"column":26},"end":{"line":67,"column":27}},"loc":{"start":{"line":67,"column":38},"end":{"line":67,"column":60}},"line":67},"4":{"name":"(anonymous_4)","decl":{"start":{"line":74,"column":14},"end":{"line":74,"column":15}},"loc":{"start":{"line":74,"column":26},"end":{"line":74,"column":44}},"line":74},"5":{"name":"(anonymous_5)","decl":{"start":{"line":79,"column":26},"end":{"line":79,"column":27}},"loc":{"start":{"line":79,"column":38},"end":{"line":79,"column":50}},"line":79},"6":{"name":"(anonymous_6)","decl":{"start":{"line":86,"column":6},"end":{"line":86,"column":7}},"loc":{"start":{"line":86,"column":13},"end":{"line":86,"column":37}},"line":86},"7":{"name":"(anonymous_7)","decl":{"start":{"line":89,"column":6},"end":{"line":89,"column":7}},"loc":{"start":{"line":89,"column":13},"end":{"line":89,"column":34}},"line":89},"8":{"name":"(anonymous_8)","decl":{"start":{"line":93,"column":49},"end":{"line":93,"column":50}},"loc":{"start":{"line":93,"column":57},"end":{"line":96,"column":5}},"line":93},"9":{"name":"(anonymous_9)","decl":{"start":{"line":98,"column":46},"end":{"line":98,"column":47}},"loc":{"start":{"line":98,"column":54},"end":{"line":101,"column":5}},"line":98},"10":{"name":"(anonymous_10)","decl":{"start":{"line":104,"column":38},"end":{"line":104,"column":39}},"loc":{"start":{"line":104,"column":46},"end":{"line":107,"column":5}},"line":104},"11":{"name":"(anonymous_11)","decl":{"start":{"line":133,"column":39},"end":{"line":133,"column":40}},"loc":{"start":{"line":133,"column":47},"end":{"line":141,"column":7}},"line":133},"12":{"name":"(anonymous_12)","decl":{"start":{"line":136,"column":41},"end":{"line":136,"column":42}},"loc":{"start":{"line":136,"column":48},"end":{"line":136,"column":59}},"line":136},"13":{"name":"(anonymous_13)","decl":{"start":{"line":142,"column":45},"end":{"line":142,"column":46}},"loc":{"start":{"line":142,"column":53},"end":{"line":147,"column":7}},"line":142},"14":{"name":"(anonymous_14)","decl":{"start":{"line":155,"column":32},"end":{"line":155,"column":33}},"loc":{"start":{"line":155,"column":52},"end":{"line":172,"column":1}},"line":155},"15":{"name":"(anonymous_15)","decl":{"start":{"line":164,"column":35},"end":{"line":164,"column":36}},"loc":{"start":{"line":164,"column":43},"end":{"line":167,"column":5}},"line":164}},"branchMap":{"0":{"loc":{"start":{"line":44,"column":26},"end":{"line":48,"column":9}},"type":"cond-expr","locations":[{"start":{"line":45,"column":8},"end":{"line":47,"column":20}},{"start":{"line":48,"column":8},"end":{"line":48,"column":9}}],"line":44},"1":{"loc":{"start":{"line":50,"column":30},"end":{"line":55,"column":9}},"type":"cond-expr","locations":[{"start":{"line":51,"column":8},"end":{"line":54,"column":20}},{"start":{"line":55,"column":8},"end":{"line":55,"column":9}}],"line":50},"2":{"loc":{"start":{"line":58,"column":6},"end":{"line":63,"column":11}},"type":"cond-expr","locations":[{"start":{"line":59,"column":10},"end":{"line":62,"column":22}},{"start":{"line":63,"column":10},"end":{"line":63,"column":11}}],"line":58},"3":{"loc":{"start":{"line":65,"column":33},"end":{"line":70,"column":9}},"type":"cond-expr","locations":[{"start":{"line":66,"column":8},"end":{"line":69,"column":20}},{"start":{"line":70,"column":8},"end":{"line":70,"column":9}}],"line":65},"4":{"loc":{"start":{"line":77,"column":20},"end":{"line":81,"column":9}},"type":"cond-expr","locations":[{"start":{"line":78,"column":8},"end":{"line":80,"column":20}},{"start":{"line":81,"column":8},"end":{"line":81,"column":9}}],"line":77},"5":{"loc":{"start":{"line":123,"column":20},"end":{"line":125,"column":15}},"type":"cond-expr","locations":[{"start":{"line":124,"column":14},"end":{"line":124,"column":71}},{"start":{"line":125,"column":14},"end":{"line":125,"column":15}}],"line":123},"6":{"loc":{"start":{"line":138,"column":19},"end":{"line":140,"column":16}},"type":"cond-expr","locations":[{"start":{"line":139,"column":12},"end":{"line":139,"column":49}},{"start":{"line":140,"column":12},"end":{"line":140,"column":16}}],"line":138}},"s":{"0":9,"1":9,"2":9,"3":9,"4":9,"5":9,"6":9,"7":9,"8":9,"9":9,"10":1,"11":1,"12":1,"13":1,"14":1,"15":1,"16":1,"17":1,"18":1,"19":0,"20":1,"21":0,"22":1,"23":1,"24":0,"25":1,"26":1,"27":0,"28":1,"29":0,"30":1,"31":1,"32":0,"33":1,"34":0,"35":1,"36":0,"37":1,"38":0,"39":1,"40":0,"41":1,"42":0,"43":0,"44":0,"45":0,"46":9,"47":1,"48":1,"49":1,"50":1,"51":1,"52":1,"53":0,"54":1,"55":0,"56":9},"f":{"0":1,"1":0,"2":0,"3":0,"4":0,"5":0,"6":0,"7":0,"8":0,"9":0,"10":0,"11":0,"12":0,"13":0,"14":1,"15":0},"b":{"0":[0,1],"1":[0,1],"2":[0,1],"3":[0,1],"4":[0,1],"5":[0,1],"6":[0,0]},"_coverageSchema":"1a1c01bbd47fc00a2c39e90264f33305004495a9","hash":"7eb5dca16824fc6b31eb1f267272d8f7cfa64dd4"}
,"/Users/mohammadabdullahrihan/Projects/The-wait/thewait-backend/routes/auth.js": {"path":"/Users/mohammadabdullahrihan/Projects/The-wait/thewait-backend/routes/auth.js","statementMap":{"0":{"start":{"line":1,"column":16},"end":{"line":1,"column":34}},"1":{"start":{"line":2,"column":15},"end":{"line":2,"column":31}},"2":{"start":{"line":3,"column":12},"end":{"line":3,"column":35}},"3":{"start":{"line":4,"column":35},"end":{"line":4,"column":63}},"4":{"start":{"line":5,"column":13},"end":{"line":5,"column":38}},"5":{"start":{"line":6,"column":20},"end":{"line":6,"column":49}},"6":{"start":{"line":9,"column":22},"end":{"line":13,"column":1}},"7":{"start":{"line":10,"column":2},"end":{"line":12,"column":5}},"8":{"start":{"line":17,"column":0},"end":{"line":60,"column":2}},"9":{"start":{"line":27,"column":19},"end":{"line":27,"column":40}},"10":{"start":{"line":28,"column":4},"end":{"line":30,"column":5}},"11":{"start":{"line":29,"column":6},"end":{"line":29,"column":78}},"12":{"start":{"line":31,"column":4},"end":{"line":58,"column":5}},"13":{"start":{"line":32,"column":51},"end":{"line":32,"column":59}},"14":{"start":{"line":33,"column":27},"end":{"line":33,"column":56}},"15":{"start":{"line":34,"column":6},"end":{"line":39,"column":7}},"16":{"start":{"line":35,"column":8},"end":{"line":38,"column":11}},"17":{"start":{"line":40,"column":19},"end":{"line":40,"column":74}},"18":{"start":{"line":41,"column":20},"end":{"line":41,"column":43}},"19":{"start":{"line":42,"column":6},"end":{"line":55,"column":9}},"20":{"start":{"line":57,"column":6},"end":{"line":57,"column":71}},"21":{"start":{"line":63,"column":0},"end":{"line":103,"column":2}},"22":{"start":{"line":70,"column":19},"end":{"line":70,"column":40}},"23":{"start":{"line":71,"column":4},"end":{"line":73,"column":5}},"24":{"start":{"line":72,"column":6},"end":{"line":72,"column":78}},"25":{"start":{"line":74,"column":4},"end":{"line":101,"column":5}},"26":{"start":{"line":75,"column":34},"end":{"line":75,"column":42}},"27":{"start":{"line":76,"column":19},"end":{"line":76,"column":68}},"28":{"start":{"line":77,"column":6},"end":{"line":81,"column":7}},"29":{"start":{"line":78,"column":8},"end":{"line":80,"column":72}},"30":{"start":{"line":82,"column":20},"end":{"line":82,"column":43}},"31":{"start":{"line":83,"column":6},"end":{"line":98,"column":9}},"32":{"start":{"line":100,"column":6},"end":{"line":100,"column":71}},"33":{"start":{"line":106,"column":0},"end":{"line":109,"column":3}},"34":{"start":{"line":107,"column":15},"end":{"line":107,"column":47}},"35":{"start":{"line":108,"column":2},"end":{"line":108,"column":36}},"36":{"start":{"line":112,"column":0},"end":{"line":124,"column":3}},"37":{"start":{"line":113,"column":2},"end":{"line":123,"column":3}},"38":{"start":{"line":114,"column":32},"end":{"line":114,"column":40}},"39":{"start":{"line":115,"column":17},"end":{"line":119,"column":5}},"40":{"start":{"line":120,"column":4},"end":{"line":120,"column":38}},"41":{"start":{"line":122,"column":4},"end":{"line":122,"column":69}},"42":{"start":{"line":126,"column":0},"end":{"line":126,"column":24}}},"fnMap":{"0":{"name":"(anonymous_0)","decl":{"start":{"line":9,"column":22},"end":{"line":9,"column":23}},"loc":{"start":{"line":9,"column":30},"end":{"line":13,"column":1}},"line":9},"1":{"name":"(anonymous_1)","decl":{"start":{"line":26,"column":2},"end":{"line":26,"column":3}},"loc":{"start":{"line":26,"column":22},"end":{"line":59,"column":3}},"line":26},"2":{"name":"(anonymous_2)","decl":{"start":{"line":69,"column":2},"end":{"line":69,"column":3}},"loc":{"start":{"line":69,"column":22},"end":{"line":102,"column":3}},"line":69},"3":{"name":"(anonymous_3)","decl":{"start":{"line":106,"column":27},"end":{"line":106,"column":28}},"loc":{"start":{"line":106,"column":47},"end":{"line":109,"column":1}},"line":106},"4":{"name":"(anonymous_4)","decl":{"start":{"line":112,"column":32},"end":{"line":112,"column":33}},"loc":{"start":{"line":112,"column":52},"end":{"line":124,"column":1}},"line":112}},"branchMap":{"0":{"loc":{"start":{"line":28,"column":4},"end":{"line":30,"column":5}},"type":"if","locations":[{"start":{"line":28,"column":4},"end":{"line":30,"column":5}},{"start":{},"end":{}}],"line":28},"1":{"loc":{"start":{"line":34,"column":6},"end":{"line":39,"column":7}},"type":"if","locations":[{"start":{"line":34,"column":6},"end":{"line":39,"column":7}},{"start":{},"end":{}}],"line":34},"2":{"loc":{"start":{"line":71,"column":4},"end":{"line":73,"column":5}},"type":"if","locations":[{"start":{"line":71,"column":4},"end":{"line":73,"column":5}},{"start":{},"end":{}}],"line":71},"3":{"loc":{"start":{"line":77,"column":6},"end":{"line":81,"column":7}},"type":"if","locations":[{"start":{"line":77,"column":6},"end":{"line":81,"column":7}},{"start":{},"end":{}}],"line":77},"4":{"loc":{"start":{"line":77,"column":10},"end":{"line":77,"column":58}},"type":"binary-expr","locations":[{"start":{"line":77,"column":10},"end":{"line":77,"column":15}},{"start":{"line":77,"column":19},"end":{"line":77,"column":58}}],"line":77}},"s":{"0":9,"1":9,"2":9,"3":9,"4":9,"5":9,"6":9,"7":3,"8":9,"9":2,"10":2,"11":0,"12":2,"13":2,"14":2,"15":2,"16":0,"17":2,"18":2,"19":2,"20":0,"21":9,"22":2,"23":2,"24":0,"25":2,"26":2,"27":2,"28":2,"29":1,"30":1,"31":1,"32":0,"33":9,"34":0,"35":0,"36":9,"37":0,"38":0,"39":0,"40":0,"41":0,"42":9},"f":{"0":3,"1":2,"2":2,"3":0,"4":0},"b":{"0":[0,2],"1":[0,2],"2":[0,2],"3":[1,1],"4":[2,2]},"_coverageSchema":"1a1c01bbd47fc00a2c39e90264f33305004495a9","hash":"4b1535d65954b3e49dad6ec009e383a976054770"}
,"/Users/mohammadabdullahrihan/Projects/The-wait/thewait-backend/routes/habits.js": {"path":"/Users/mohammadabdullahrihan/Projects/The-wait/thewait-backend/routes/habits.js","statementMap":{"0":{"start":{"line":1,"column":16},"end":{"line":1,"column":34}},"1":{"start":{"line":2,"column":15},"end":{"line":2,"column":31}},"2":{"start":{"line":3,"column":14},"end":{"line":3,"column":40}},"3":{"start":{"line":4,"column":13},"end":{"line":4,"column":38}},"4":{"start":{"line":5,"column":20},"end":{"line":5,"column":49}},"5":{"start":{"line":8,"column":0},"end":{"line":33,"column":3}},"6":{"start":{"line":9,"column":2},"end":{"line":32,"column":3}},"7":{"start":{"line":10,"column":16},"end":{"line":13,"column":6}},"8":{"start":{"line":14,"column":4},"end":{"line":28,"column":5}},"9":{"start":{"line":15,"column":6},"end":{"line":27,"column":8}},"10":{"start":{"line":29,"column":4},"end":{"line":29,"column":39}},"11":{"start":{"line":31,"column":4},"end":{"line":31,"column":69}},"12":{"start":{"line":36,"column":0},"end":{"line":70,"column":3}},"13":{"start":{"line":37,"column":2},"end":{"line":69,"column":3}},"14":{"start":{"line":38,"column":30},"end":{"line":38,"column":38}},"15":{"start":{"line":39,"column":16},"end":{"line":42,"column":6}},"16":{"start":{"line":43,"column":4},"end":{"line":54,"column":5}},"17":{"start":{"line":44,"column":6},"end":{"line":44,"column":28}},"18":{"start":{"line":45,"column":6},"end":{"line":45,"column":26}},"19":{"start":{"line":46,"column":6},"end":{"line":46,"column":25}},"20":{"start":{"line":48,"column":6},"end":{"line":53,"column":9}},"21":{"start":{"line":56,"column":21},"end":{"line":56,"column":42}},"22":{"start":{"line":57,"column":4},"end":{"line":59,"column":7}},"23":{"start":{"line":62,"column":4},"end":{"line":62,"column":36}},"24":{"start":{"line":64,"column":4},"end":{"line":64,"column":35}},"25":{"start":{"line":66,"column":4},"end":{"line":66,"column":39}},"26":{"start":{"line":68,"column":4},"end":{"line":68,"column":69}},"27":{"start":{"line":73,"column":0},"end":{"line":85,"column":3}},"28":{"start":{"line":74,"column":2},"end":{"line":84,"column":3}},"29":{"start":{"line":75,"column":17},"end":{"line":75,"column":49}},"30":{"start":{"line":76,"column":4},"end":{"line":81,"column":7}},"31":{"start":{"line":83,"column":4},"end":{"line":83,"column":69}},"32":{"start":{"line":88,"column":0},"end":{"line":102,"column":3}},"33":{"start":{"line":89,"column":2},"end":{"line":101,"column":3}},"34":{"start":{"line":90,"column":17},"end":{"line":90,"column":48}},"35":{"start":{"line":91,"column":20},"end":{"line":91,"column":30}},"36":{"start":{"line":92,"column":22},"end":{"line":92,"column":32}},"37":{"start":{"line":93,"column":4},"end":{"line":93,"column":48}},"38":{"start":{"line":94,"column":19},"end":{"line":97,"column":25}},"39":{"start":{"line":98,"column":4},"end":{"line":98,"column":40}},"40":{"start":{"line":100,"column":4},"end":{"line":100,"column":69}},"41":{"start":{"line":106,"column":16},"end":{"line":106,"column":54}},"42":{"start":{"line":107,"column":20},"end":{"line":107,"column":30}},"43":{"start":{"line":108,"column":2},"end":{"line":108,"column":45}},"44":{"start":{"line":109,"column":16},"end":{"line":109,"column":53}},"45":{"start":{"line":111,"column":21},"end":{"line":111,"column":65}},"46":{"start":{"line":112,"column":25},"end":{"line":112,"column":69}},"47":{"start":{"line":114,"column":15},"end":{"line":114,"column":42}},"48":{"start":{"line":115,"column":2},"end":{"line":129,"column":3}},"49":{"start":{"line":116,"column":4},"end":{"line":128,"column":5}},"50":{"start":{"line":120,"column":22},"end":{"line":120,"column":23}},"51":{"start":{"line":121,"column":6},"end":{"line":123,"column":7}},"52":{"start":{"line":122,"column":8},"end":{"line":122,"column":44}},"53":{"start":{"line":124,"column":6},"end":{"line":124,"column":38}},"54":{"start":{"line":125,"column":6},"end":{"line":125,"column":69}},"55":{"start":{"line":126,"column":6},"end":{"line":126,"column":43}},"56":{"start":{"line":127,"column":6},"end":{"line":127,"column":24}},"57":{"start":{"line":134,"column":15},"end":{"line":134,"column":42}},"58":{"start":{"line":135,"column":17},"end":{"line":135,"column":47}},"59":{"start":{"line":135,"column":40},"end":{"line":135,"column":46}},"60":{"start":{"line":137,"column":27},"end":{"line":162,"column":3}},"61":{"start":{"line":164,"column":2},"end":{"line":173,"column":3}},"62":{"start":{"line":165,"column":4},"end":{"line":172,"column":5}},"63":{"start":{"line":166,"column":6},"end":{"line":171,"column":9}},"64":{"start":{"line":174,"column":2},"end":{"line":174,"column":37}},"65":{"start":{"line":175,"column":2},"end":{"line":175,"column":20}},"66":{"start":{"line":178,"column":0},"end":{"line":178,"column":24}}},"fnMap":{"0":{"name":"(anonymous_0)","decl":{"start":{"line":8,"column":30},"end":{"line":8,"column":31}},"loc":{"start":{"line":8,"column":50},"end":{"line":33,"column":1}},"line":8},"1":{"name":"(anonymous_1)","decl":{"start":{"line":36,"column":31},"end":{"line":36,"column":32}},"loc":{"start":{"line":36,"column":51},"end":{"line":70,"column":1}},"line":36},"2":{"name":"(anonymous_2)","decl":{"start":{"line":73,"column":36},"end":{"line":73,"column":37}},"loc":{"start":{"line":73,"column":56},"end":{"line":85,"column":1}},"line":73},"3":{"name":"(anonymous_3)","decl":{"start":{"line":88,"column":38},"end":{"line":88,"column":39}},"loc":{"start":{"line":88,"column":58},"end":{"line":102,"column":1}},"line":88},"4":{"name":"updateStreak","decl":{"start":{"line":105,"column":15},"end":{"line":105,"column":27}},"loc":{"start":{"line":105,"column":36},"end":{"line":130,"column":1}},"line":105},"5":{"name":"checkBadges","decl":{"start":{"line":133,"column":15},"end":{"line":133,"column":26}},"loc":{"start":{"line":133,"column":35},"end":{"line":176,"column":1}},"line":133},"6":{"name":"(anonymous_6)","decl":{"start":{"line":135,"column":33},"end":{"line":135,"column":34}},"loc":{"start":{"line":135,"column":40},"end":{"line":135,"column":46}},"line":135}},"branchMap":{"0":{"loc":{"start":{"line":14,"column":4},"end":{"line":28,"column":5}},"type":"if","locations":[{"start":{"line":14,"column":4},"end":{"line":28,"column":5}},{"start":{},"end":{}}],"line":14},"1":{"loc":{"start":{"line":43,"column":4},"end":{"line":54,"column":5}},"type":"if","locations":[{"start":{"line":43,"column":4},"end":{"line":54,"column":5}},{"start":{"line":47,"column":11},"end":{"line":54,"column":5}}],"line":43},"2":{"loc":{"start":{"line":90,"column":17},"end":{"line":90,"column":48}},"type":"binary-expr","locations":[{"start":{"line":90,"column":17},"end":{"line":90,"column":42}},{"start":{"line":90,"column":46},"end":{"line":90,"column":48}}],"line":90},"3":{"loc":{"start":{"line":115,"column":2},"end":{"line":129,"column":3}},"type":"if","locations":[{"start":{"line":115,"column":2},"end":{"line":129,"column":3}},{"start":{},"end":{}}],"line":115},"4":{"loc":{"start":{"line":115,"column":6},"end":{"line":115,"column":46}},"type":"binary-expr","locations":[{"start":{"line":115,"column":6},"end":{"line":115,"column":16}},{"start":{"line":115,"column":20},"end":{"line":115,"column":46}}],"line":115},"5":{"loc":{"start":{"line":116,"column":4},"end":{"line":128,"column":5}},"type":"if","locations":[{"start":{"line":116,"column":4},"end":{"line":128,"column":5}},{"start":{},"end":{}}],"line":116},"6":{"loc":{"start":{"line":117,"column":6},"end":{"line":118,"column":67}},"type":"binary-expr","locations":[{"start":{"line":117,"column":6},"end":{"line":117,"column":30}},{"start":{"line":118,"column":6},"end":{"line":118,"column":67}}],"line":117},"7":{"loc":{"start":{"line":121,"column":6},"end":{"line":123,"column":7}},"type":"if","locations":[{"start":{"line":121,"column":6},"end":{"line":123,"column":7}},{"start":{},"end":{}}],"line":121},"8":{"loc":{"start":{"line":121,"column":10},"end":{"line":121,"column":58}},"type":"binary-expr","locations":[{"start":{"line":121,"column":10},"end":{"line":121,"column":24}},{"start":{"line":121,"column":28},"end":{"line":121,"column":58}}],"line":121},"9":{"loc":{"start":{"line":165,"column":4},"end":{"line":172,"column":5}},"type":"if","locations":[{"start":{"line":165,"column":4},"end":{"line":172,"column":5}},{"start":{},"end":{}}],"line":165},"10":{"loc":{"start":{"line":165,"column":8},"end":{"line":165,"column":73}},"type":"binary-expr","locations":[{"start":{"line":165,"column":8},"end":{"line":165,"column":36}},{"start":{"line":165,"column":40},"end":{"line":165,"column":73}}],"line":165}},"s":{"0":9,"1":9,"2":9,"3":9,"4":9,"5":9,"6":1,"7":1,"8":1,"9":1,"10":1,"11":0,"12":9,"13":3,"14":3,"15":3,"16":3,"17":1,"18":1,"19":1,"20":2,"21":3,"22":3,"23":3,"24":3,"25":3,"26":0,"27":9,"28":1,"29":1,"30":1,"31":0,"32":9,"33":1,"34":1,"35":1,"36":1,"37":1,"38":1,"39":1,"40":0,"41":3,"42":3,"43":3,"44":3,"45":3,"46":3,"47":3,"48":3,"49":0,"50":0,"51":0,"52":0,"53":0,"54":0,"55":0,"56":0,"57":3,"58":3,"59":0,"60":3,"61":3,"62":12,"63":0,"64":3,"65":3,"66":9},"f":{"0":1,"1":3,"2":1,"3":1,"4":3,"5":3,"6":0},"b":{"0":[1,0],"1":[1,2],"2":[1,0],"3":[0,3],"4":[3,0],"5":[0,0],"6":[0,0],"7":[0,0],"8":[0,0],"9":[0,12],"10":[12,12]},"_coverageSchema":"1a1c01bbd47fc00a2c39e90264f33305004495a9","hash":"cc00db4f3da4daa1c8908d3212dd5140a2174bd5"}
,"/Users/mohammadabdullahrihan/Projects/The-wait/thewait-backend/routes/journal.js": {"path":"/Users/mohammadabdullahrihan/Projects/The-wait/thewait-backend/routes/journal.js","statementMap":{"0":{"start":{"line":1,"column":16},"end":{"line":1,"column":34}},"1":{"start":{"line":2,"column":15},"end":{"line":2,"column":31}},"2":{"start":{"line":3,"column":16},"end":{"line":3,"column":44}},"3":{"start":{"line":4,"column":20},"end":{"line":4,"column":49}},"4":{"start":{"line":7,"column":0},"end":{"line":28,"column":3}},"5":{"start":{"line":8,"column":2},"end":{"line":27,"column":3}},"6":{"start":{"line":9,"column":16},"end":{"line":12,"column":6}},"7":{"start":{"line":13,"column":4},"end":{"line":23,"column":5}},"8":{"start":{"line":14,"column":6},"end":{"line":22,"column":8}},"9":{"start":{"line":24,"column":4},"end":{"line":24,"column":39}},"10":{"start":{"line":26,"column":4},"end":{"line":26,"column":69}},"11":{"start":{"line":31,"column":0},"end":{"line":63,"column":3}},"12":{"start":{"line":32,"column":2},"end":{"line":62,"column":3}},"13":{"start":{"line":34,"column":6},"end":{"line":34,"column":14}},"14":{"start":{"line":35,"column":16},"end":{"line":38,"column":6}},"15":{"start":{"line":39,"column":4},"end":{"line":58,"column":5}},"16":{"start":{"line":40,"column":6},"end":{"line":40,"column":36}},"17":{"start":{"line":41,"column":6},"end":{"line":41,"column":30}},"18":{"start":{"line":42,"column":6},"end":{"line":42,"column":40}},"19":{"start":{"line":43,"column":6},"end":{"line":43,"column":34}},"20":{"start":{"line":44,"column":6},"end":{"line":44,"column":24}},"21":{"start":{"line":45,"column":6},"end":{"line":45,"column":34}},"22":{"start":{"line":46,"column":6},"end":{"line":46,"column":25}},"23":{"start":{"line":48,"column":6},"end":{"line":57,"column":9}},"24":{"start":{"line":59,"column":4},"end":{"line":59,"column":78}},"25":{"start":{"line":61,"column":4},"end":{"line":61,"column":69}},"26":{"start":{"line":66,"column":0},"end":{"line":76,"column":3}},"27":{"start":{"line":67,"column":2},"end":{"line":75,"column":3}},"28":{"start":{"line":68,"column":18},"end":{"line":68,"column":50}},"29":{"start":{"line":69,"column":20},"end":{"line":71,"column":19}},"30":{"start":{"line":72,"column":4},"end":{"line":72,"column":41}},"31":{"start":{"line":74,"column":4},"end":{"line":74,"column":69}},"32":{"start":{"line":79,"column":0},"end":{"line":89,"column":3}},"33":{"start":{"line":80,"column":2},"end":{"line":88,"column":3}},"34":{"start":{"line":81,"column":20},"end":{"line":84,"column":26}},"35":{"start":{"line":85,"column":4},"end":{"line":85,"column":51}},"36":{"start":{"line":87,"column":4},"end":{"line":87,"column":69}},"37":{"start":{"line":91,"column":0},"end":{"line":91,"column":24}}},"fnMap":{"0":{"name":"(anonymous_0)","decl":{"start":{"line":7,"column":30},"end":{"line":7,"column":31}},"loc":{"start":{"line":7,"column":50},"end":{"line":28,"column":1}},"line":7},"1":{"name":"(anonymous_1)","decl":{"start":{"line":31,"column":31},"end":{"line":31,"column":32}},"loc":{"start":{"line":31,"column":51},"end":{"line":63,"column":1}},"line":31},"2":{"name":"(anonymous_2)","decl":{"start":{"line":66,"column":36},"end":{"line":66,"column":37}},"loc":{"start":{"line":66,"column":56},"end":{"line":76,"column":1}},"line":66},"3":{"name":"(anonymous_3)","decl":{"start":{"line":79,"column":35},"end":{"line":79,"column":36}},"loc":{"start":{"line":79,"column":55},"end":{"line":89,"column":1}},"line":79}},"branchMap":{"0":{"loc":{"start":{"line":13,"column":4},"end":{"line":23,"column":5}},"type":"if","locations":[{"start":{"line":13,"column":4},"end":{"line":23,"column":5}},{"start":{},"end":{}}],"line":13},"1":{"loc":{"start":{"line":39,"column":4},"end":{"line":58,"column":5}},"type":"if","locations":[{"start":{"line":39,"column":4},"end":{"line":58,"column":5}},{"start":{"line":47,"column":11},"end":{"line":58,"column":5}}],"line":39},"2":{"loc":{"start":{"line":68,"column":18},"end":{"line":68,"column":50}},"type":"binary-expr","locations":[{"start":{"line":68,"column":18},"end":{"line":68,"column":44}},{"start":{"line":68,"column":48},"end":{"line":68,"column":50}}],"line":68}},"s":{"0":9,"1":9,"2":9,"3":9,"4":9,"5":1,"6":1,"7":1,"8":1,"9":1,"10":0,"11":9,"12":3,"13":3,"14":3,"15":3,"16":1,"17":1,"18":1,"19":1,"20":1,"21":1,"22":1,"23":2,"24":3,"25":0,"26":9,"27":1,"28":1,"29":1,"30":1,"31":0,"32":9,"33":1,"34":1,"35":1,"36":0,"37":9},"f":{"0":1,"1":3,"2":1,"3":1},"b":{"0":[1,0],"1":[1,2],"2":[1,0]},"_coverageSchema":"1a1c01bbd47fc00a2c39e90264f33305004495a9","hash":"f2dee5ce424ad0f9656388c038dfad1c23a64c38"}
,"/Users/mohammadabdullahrihan/Projects/The-wait/thewait-backend/routes/milestones.js": {"path":"/Users/mohammadabdullahrihan/Projects/The-wait/thewait-backend/routes/milestones.js","statementMap":{"0":{"start":{"line":1,"column":16},"end":{"line":1,"column":34}},"1":{"start":{"line":2,"column":15},"end":{"line":2,"column":31}},"2":{"start":{"line":3,"column":18},"end":{"line":3,"column":48}},"3":{"start":{"line":4,"column":20},"end":{"line":4,"column":49}},"4":{"start":{"line":8,"column":0},"end":{"line":17,"column":3}},"5":{"start":{"line":9,"column":2},"end":{"line":16,"column":3}},"6":{"start":{"line":10,"column":23},"end":{"line":12,"column":6}},"7":{"start":{"line":13,"column":4},"end":{"line":13,"column":44}},"8":{"start":{"line":15,"column":4},"end":{"line":15,"column":69}},"9":{"start":{"line":21,"column":0},"end":{"line":48,"column":3}},"10":{"start":{"line":22,"column":2},"end":{"line":47,"column":3}},"11":{"start":{"line":32,"column":8},"end":{"line":32,"column":16}},"12":{"start":{"line":33,"column":22},"end":{"line":43,"column":6}},"13":{"start":{"line":44,"column":4},"end":{"line":44,"column":43}},"14":{"start":{"line":46,"column":4},"end":{"line":46,"column":69}},"15":{"start":{"line":52,"column":0},"end":{"line":68,"column":3}},"16":{"start":{"line":53,"column":2},"end":{"line":67,"column":3}},"17":{"start":{"line":54,"column":22},"end":{"line":58,"column":5}},"18":{"start":{"line":59,"column":4},"end":{"line":63,"column":5}},"19":{"start":{"line":60,"column":6},"end":{"line":62,"column":76}},"20":{"start":{"line":64,"column":4},"end":{"line":64,"column":43}},"21":{"start":{"line":66,"column":4},"end":{"line":66,"column":69}},"22":{"start":{"line":72,"column":0},"end":{"line":87,"column":3}},"23":{"start":{"line":73,"column":2},"end":{"line":86,"column":3}},"24":{"start":{"line":74,"column":22},"end":{"line":77,"column":6}},"25":{"start":{"line":78,"column":4},"end":{"line":82,"column":5}},"26":{"start":{"line":79,"column":6},"end":{"line":81,"column":76}},"27":{"start":{"line":83,"column":4},"end":{"line":83,"column":71}},"28":{"start":{"line":85,"column":4},"end":{"line":85,"column":69}},"29":{"start":{"line":89,"column":0},"end":{"line":89,"column":24}}},"fnMap":{"0":{"name":"(anonymous_0)","decl":{"start":{"line":8,"column":25},"end":{"line":8,"column":26}},"loc":{"start":{"line":8,"column":45},"end":{"line":17,"column":1}},"line":8},"1":{"name":"(anonymous_1)","decl":{"start":{"line":21,"column":26},"end":{"line":21,"column":27}},"loc":{"start":{"line":21,"column":46},"end":{"line":48,"column":1}},"line":21},"2":{"name":"(anonymous_2)","decl":{"start":{"line":52,"column":28},"end":{"line":52,"column":29}},"loc":{"start":{"line":52,"column":48},"end":{"line":68,"column":1}},"line":52},"3":{"name":"(anonymous_3)","decl":{"start":{"line":72,"column":31},"end":{"line":72,"column":32}},"loc":{"start":{"line":72,"column":51},"end":{"line":87,"column":1}},"line":72}},"branchMap":{"0":{"loc":{"start":{"line":59,"column":4},"end":{"line":63,"column":5}},"type":"if","locations":[{"start":{"line":59,"column":4},"end":{"line":63,"column":5}},{"start":{},"end":{}}],"line":59},"1":{"loc":{"start":{"line":78,"column":4},"end":{"line":82,"column":5}},"type":"if","locations":[{"start":{"line":78,"column":4},"end":{"line":82,"column":5}},{"start":{},"end":{}}],"line":78}},"s":{"0":9,"1":9,"2":9,"3":9,"4":9,"5":2,"6":2,"7":2,"8":0,"9":9,"10":4,"11":4,"12":4,"13":4,"14":0,"15":9,"16":2,"17":2,"18":2,"19":1,"20":1,"21":0,"22":9,"23":2,"24":2,"25":2,"26":1,"27":1,"28":0,"29":9},"f":{"0":2,"1":4,"2":2,"3":2},"b":{"0":[1,1],"1":[1,1]},"_coverageSchema":"1a1c01bbd47fc00a2c39e90264f33305004495a9","hash":"d5a22c0fc06ff39c5e1fa524eaeb599ff97275e6"}
,"/Users/mohammadabdullahrihan/Projects/The-wait/thewait-backend/routes/routines.js": {"path":"/Users/mohammadabdullahrihan/Projects/The-wait/thewait-backend/routes/routines.js","statementMap":{"0":{"start":{"line":1,"column":16},"end":{"line":1,"column":34}},"1":{"start":{"line":2,"column":15},"end":{"line":2,"column":31}},"2":{"start":{"line":3,"column":16},"end":{"line":3,"column":44}},"3":{"start":{"line":4,"column":13},"end":{"line":4,"column":38}},"4":{"start":{"line":5,"column":20},"end":{"line":5,"column":49}},"5":{"start":{"line":8,"column":0},"end":{"line":101,"column":3}},"6":{"start":{"line":9,"column":2},"end":{"line":100,"column":3}},"7":{"start":{"line":10,"column":21},"end":{"line":10,"column":30}},"8":{"start":{"line":11,"column":18},"end":{"line":15,"column":6}},"9":{"start":{"line":16,"column":4},"end":{"line":96,"column":5}},"10":{"start":{"line":18,"column":6},"end":{"line":95,"column":8}},"11":{"start":{"line":97,"column":4},"end":{"line":97,"column":41}},"12":{"start":{"line":99,"column":4},"end":{"line":99,"column":69}},"13":{"start":{"line":104,"column":0},"end":{"line":143,"column":3}},"14":{"start":{"line":105,"column":2},"end":{"line":142,"column":3}},"15":{"start":{"line":106,"column":34},"end":{"line":106,"column":42}},"16":{"start":{"line":107,"column":18},"end":{"line":111,"column":6}},"17":{"start":{"line":112,"column":4},"end":{"line":131,"column":5}},"18":{"start":{"line":113,"column":6},"end":{"line":113,"column":28}},"19":{"start":{"line":114,"column":29},"end":{"line":114,"column":68}},"20":{"start":{"line":114,"column":49},"end":{"line":114,"column":60}},"21":{"start":{"line":115,"column":6},"end":{"line":117,"column":8}},"22":{"start":{"line":118,"column":6},"end":{"line":118,"column":27}},"23":{"start":{"line":120,"column":29},"end":{"line":120,"column":68}},"24":{"start":{"line":120,"column":49},"end":{"line":120,"column":60}},"25":{"start":{"line":121,"column":29},"end":{"line":123,"column":11}},"26":{"start":{"line":124,"column":6},"end":{"line":130,"column":9}},"27":{"start":{"line":133,"column":4},"end":{"line":138,"column":5}},"28":{"start":{"line":134,"column":23},"end":{"line":134,"column":66}},"29":{"start":{"line":135,"column":6},"end":{"line":137,"column":9}},"30":{"start":{"line":139,"column":4},"end":{"line":139,"column":41}},"31":{"start":{"line":141,"column":4},"end":{"line":141,"column":69}},"32":{"start":{"line":146,"column":0},"end":{"line":180,"column":3}},"33":{"start":{"line":147,"column":2},"end":{"line":179,"column":3}},"34":{"start":{"line":148,"column":32},"end":{"line":148,"column":40}},"35":{"start":{"line":149,"column":20},"end":{"line":153,"column":6}},"36":{"start":{"line":154,"column":4},"end":{"line":158,"column":5}},"37":{"start":{"line":155,"column":6},"end":{"line":157,"column":66}},"38":{"start":{"line":159,"column":17},"end":{"line":159,"column":52}},"39":{"start":{"line":160,"column":4},"end":{"line":164,"column":5}},"40":{"start":{"line":161,"column":6},"end":{"line":163,"column":66}},"41":{"start":{"line":165,"column":4},"end":{"line":165,"column":31}},"42":{"start":{"line":166,"column":4},"end":{"line":166,"column":53}},"43":{"start":{"line":167,"column":27},"end":{"line":167,"column":74}},"44":{"start":{"line":167,"column":55},"end":{"line":167,"column":66}},"45":{"start":{"line":168,"column":4},"end":{"line":170,"column":6}},"46":{"start":{"line":171,"column":4},"end":{"line":171,"column":25}},"47":{"start":{"line":173,"column":4},"end":{"line":175,"column":5}},"48":{"start":{"line":174,"column":6},"end":{"line":174,"column":77}},"49":{"start":{"line":176,"column":4},"end":{"line":176,"column":41}},"50":{"start":{"line":178,"column":4},"end":{"line":178,"column":69}},"51":{"start":{"line":183,"column":0},"end":{"line":208,"column":3}},"52":{"start":{"line":184,"column":2},"end":{"line":207,"column":3}},"53":{"start":{"line":185,"column":21},"end":{"line":185,"column":30}},"54":{"start":{"line":186,"column":20},"end":{"line":190,"column":6}},"55":{"start":{"line":191,"column":4},"end":{"line":195,"column":5}},"56":{"start":{"line":192,"column":6},"end":{"line":194,"column":66}},"57":{"start":{"line":196,"column":4},"end":{"line":198,"column":6}},"58":{"start":{"line":197,"column":13},"end":{"line":197,"column":51}},"59":{"start":{"line":199,"column":27},"end":{"line":199,"column":74}},"60":{"start":{"line":199,"column":55},"end":{"line":199,"column":66}},"61":{"start":{"line":200,"column":4},"end":{"line":202,"column":10}},"62":{"start":{"line":203,"column":4},"end":{"line":203,"column":25}},"63":{"start":{"line":204,"column":4},"end":{"line":204,"column":41}},"64":{"start":{"line":206,"column":4},"end":{"line":206,"column":69}},"65":{"start":{"line":211,"column":0},"end":{"line":221,"column":3}},"66":{"start":{"line":212,"column":2},"end":{"line":220,"column":3}},"67":{"start":{"line":213,"column":21},"end":{"line":216,"column":36}},"68":{"start":{"line":217,"column":4},"end":{"line":217,"column":42}},"69":{"start":{"line":219,"column":4},"end":{"line":219,"column":69}},"70":{"start":{"line":224,"column":0},"end":{"line":241,"column":3}},"71":{"start":{"line":225,"column":2},"end":{"line":240,"column":3}},"72":{"start":{"line":226,"column":18},"end":{"line":226,"column":48}},"73":{"start":{"line":227,"column":18},"end":{"line":227,"column":20}},"74":{"start":{"line":228,"column":4},"end":{"line":232,"column":5}},"75":{"start":{"line":228,"column":17},"end":{"line":228,"column":18}},"76":{"start":{"line":229,"column":16},"end":{"line":229,"column":31}},"77":{"start":{"line":230,"column":6},"end":{"line":230,"column":37}},"78":{"start":{"line":231,"column":6},"end":{"line":231,"column":48}},"79":{"start":{"line":233,"column":21},"end":{"line":236,"column":6}},"80":{"start":{"line":237,"column":4},"end":{"line":237,"column":49}},"81":{"start":{"line":239,"column":4},"end":{"line":239,"column":69}},"82":{"start":{"line":243,"column":0},"end":{"line":243,"column":24}}},"fnMap":{"0":{"name":"(anonymous_0)","decl":{"start":{"line":8,"column":30},"end":{"line":8,"column":31}},"loc":{"start":{"line":8,"column":50},"end":{"line":101,"column":1}},"line":8},"1":{"name":"(anonymous_1)","decl":{"start":{"line":104,"column":26},"end":{"line":104,"column":27}},"loc":{"start":{"line":104,"column":46},"end":{"line":143,"column":1}},"line":104},"2":{"name":"(anonymous_2)","decl":{"start":{"line":114,"column":42},"end":{"line":114,"column":43}},"loc":{"start":{"line":114,"column":49},"end":{"line":114,"column":60}},"line":114},"3":{"name":"(anonymous_3)","decl":{"start":{"line":120,"column":42},"end":{"line":120,"column":43}},"loc":{"start":{"line":120,"column":49},"end":{"line":120,"column":60}},"line":120},"4":{"name":"(anonymous_4)","decl":{"start":{"line":146,"column":43},"end":{"line":146,"column":44}},"loc":{"start":{"line":146,"column":63},"end":{"line":180,"column":1}},"line":146},"5":{"name":"(anonymous_5)","decl":{"start":{"line":167,"column":48},"end":{"line":167,"column":49}},"loc":{"start":{"line":167,"column":55},"end":{"line":167,"column":66}},"line":167},"6":{"name":"(anonymous_6)","decl":{"start":{"line":183,"column":46},"end":{"line":183,"column":47}},"loc":{"start":{"line":183,"column":66},"end":{"line":208,"column":1}},"line":183},"7":{"name":"(anonymous_7)","decl":{"start":{"line":197,"column":6},"end":{"line":197,"column":7}},"loc":{"start":{"line":197,"column":13},"end":{"line":197,"column":51}},"line":197},"8":{"name":"(anonymous_8)","decl":{"start":{"line":199,"column":48},"end":{"line":199,"column":49}},"loc":{"start":{"line":199,"column":55},"end":{"line":199,"column":66}},"line":199},"9":{"name":"(anonymous_9)","decl":{"start":{"line":211,"column":39},"end":{"line":211,"column":40}},"loc":{"start":{"line":211,"column":59},"end":{"line":221,"column":1}},"line":211},"10":{"name":"(anonymous_10)","decl":{"start":{"line":224,"column":40},"end":{"line":224,"column":41}},"loc":{"start":{"line":224,"column":60},"end":{"line":241,"column":1}},"line":224}},"branchMap":{"0":{"loc":{"start":{"line":14,"column":12},"end":{"line":14,"column":27}},"type":"binary-expr","locations":[{"start":{"line":14,"column":12},"end":{"line":14,"column":16}},{"start":{"line":14,"column":20},"end":{"line":14,"column":27}}],"line":14},"1":{"loc":{"start":{"line":16,"column":4},"end":{"line":96,"column":5}},"type":"if","locations":[{"start":{"line":16,"column":4},"end":{"line":96,"column":5}},{"start":{},"end":{}}],"line":16},"2":{"loc":{"start":{"line":110,"column":12},"end":{"line":110,"column":27}},"type":"binary-expr","locations":[{"start":{"line":110,"column":12},"end":{"line":110,"column":16}},{"start":{"line":110,"column":20},"end":{"line":110,"column":27}}],"line":110},"3":{"loc":{"start":{"line":112,"column":4},"end":{"line":131,"column":5}},"type":"if","locations":[{"start":{"line":112,"column":4},"end":{"line":131,"column":5}},{"start":{"line":119,"column":11},"end":{"line":131,"column":5}}],"line":112},"4":{"loc":{"start":{"line":121,"column":29},"end":{"line":123,"column":11}},"type":"cond-expr","locations":[{"start":{"line":122,"column":10},"end":{"line":122,"column":59}},{"start":{"line":123,"column":10},"end":{"line":123,"column":11}}],"line":121},"5":{"loc":{"start":{"line":127,"column":14},"end":{"line":127,"column":29}},"type":"binary-expr","locations":[{"start":{"line":127,"column":14},"end":{"line":127,"column":18}},{"start":{"line":127,"column":22},"end":{"line":127,"column":29}}],"line":127},"6":{"loc":{"start":{"line":133,"column":4},"end":{"line":138,"column":5}},"type":"if","locations":[{"start":{"line":133,"column":4},"end":{"line":138,"column":5}},{"start":{},"end":{}}],"line":133},"7":{"loc":{"start":{"line":152,"column":12},"end":{"line":152,"column":27}},"type":"binary-expr","locations":[{"start":{"line":152,"column":12},"end":{"line":152,"column":16}},{"start":{"line":152,"column":20},"end":{"line":152,"column":27}}],"line":152},"8":{"loc":{"start":{"line":154,"column":4},"end":{"line":158,"column":5}},"type":"if","locations":[{"start":{"line":154,"column":4},"end":{"line":158,"column":5}},{"start":{},"end":{}}],"line":154},"9":{"loc":{"start":{"line":160,"column":4},"end":{"line":164,"column":5}},"type":"if","locations":[{"start":{"line":160,"column":4},"end":{"line":164,"column":5}},{"start":{},"end":{}}],"line":160},"10":{"loc":{"start":{"line":166,"column":23},"end":{"line":166,"column":52}},"type":"cond-expr","locations":[{"start":{"line":166,"column":35},"end":{"line":166,"column":45}},{"start":{"line":166,"column":48},"end":{"line":166,"column":52}}],"line":166},"11":{"loc":{"start":{"line":173,"column":4},"end":{"line":175,"column":5}},"type":"if","locations":[{"start":{"line":173,"column":4},"end":{"line":175,"column":5}},{"start":{},"end":{}}],"line":173},"12":{"loc":{"start":{"line":189,"column":12},"end":{"line":189,"column":27}},"type":"binary-expr","locations":[{"start":{"line":189,"column":12},"end":{"line":189,"column":16}},{"start":{"line":189,"column":20},"end":{"line":189,"column":27}}],"line":189},"13":{"loc":{"start":{"line":191,"column":4},"end":{"line":195,"column":5}},"type":"if","locations":[{"start":{"line":191,"column":4},"end":{"line":195,"column":5}},{"start":{},"end":{}}],"line":191},"14":{"loc":{"start":{"line":200,"column":29},"end":{"line":202,"column":9}},"type":"cond-expr","locations":[{"start":{"line":201,"column":8},"end":{"line":201,"column":65}},{"start":{"line":202,"column":8},"end":{"line":202,"column":9}}],"line":200}},"s":{"0":9,"1":9,"2":9,"3":9,"4":9,"5":9,"6":1,"7":1,"8":1,"9":1,"10":1,"11":1,"12":0,"13":9,"14":3,"15":3,"16":3,"17":3,"18":2,"19":2,"20":2,"21":2,"22":2,"23":1,"24":1,"25":1,"26":1,"27":3,"28":0,"29":0,"30":3,"31":0,"32":9,"33":1,"34":1,"35":1,"36":1,"37":0,"38":1,"39":1,"40":0,"41":1,"42":1,"43":1,"44":1,"45":1,"46":1,"47":1,"48":1,"49":1,"50":0,"51":9,"52":1,"53":1,"54":1,"55":1,"56":0,"57":1,"58":1,"59":1,"60":0,"61":1,"62":1,"63":1,"64":0,"65":9,"66":0,"67":0,"68":0,"69":0,"70":9,"71":0,"72":0,"73":0,"74":0,"75":0,"76":0,"77":0,"78":0,"79":0,"80":0,"81":0,"82":9},"f":{"0":1,"1":3,"2":2,"3":1,"4":1,"5":1,"6":1,"7":1,"8":0,"9":0,"10":0},"b":{"0":[1,1],"1":[1,0],"2":[3,3],"3":[2,1],"4":[1,0],"5":[1,1],"6":[0,3],"7":[1,1],"8":[0,1],"9":[0,1],"10":[1,0],"11":[1,0],"12":[1,1],"13":[0,1],"14":[0,1]},"_coverageSchema":"1a1c01bbd47fc00a2c39e90264f33305004495a9","hash":"6fb25e8ee78875f8d401de1fdf6f6dd49bf7baef"}
,"/Users/mohammadabdullahrihan/Projects/The-wait/thewait-backend/routes/study.js": {"path":"/Users/mohammadabdullahrihan/Projects/The-wait/thewait-backend/routes/study.js","statementMap":{"0":{"start":{"line":1,"column":16},"end":{"line":1,"column":34}},"1":{"start":{"line":2,"column":15},"end":{"line":2,"column":31}},"2":{"start":{"line":3,"column":22},"end":{"line":3,"column":56}},"3":{"start":{"line":4,"column":20},"end":{"line":4,"column":49}},"4":{"start":{"line":7,"column":0},"end":{"line":14,"column":3}},"5":{"start":{"line":8,"column":2},"end":{"line":13,"column":3}},"6":{"start":{"line":9,"column":21},"end":{"line":9,"column":70}},"7":{"start":{"line":10,"column":4},"end":{"line":10,"column":42}},"8":{"start":{"line":12,"column":4},"end":{"line":12,"column":69}},"9":{"start":{"line":17,"column":0},"end":{"line":36,"column":3}},"10":{"start":{"line":18,"column":2},"end":{"line":35,"column":3}},"11":{"start":{"line":19,"column":19},"end":{"line":22,"column":6}},"12":{"start":{"line":23,"column":4},"end":{"line":31,"column":5}},"13":{"start":{"line":24,"column":6},"end":{"line":30,"column":8}},"14":{"start":{"line":32,"column":4},"end":{"line":32,"column":42}},"15":{"start":{"line":34,"column":4},"end":{"line":34,"column":69}},"16":{"start":{"line":39,"column":0},"end":{"line":69,"column":3}},"17":{"start":{"line":40,"column":2},"end":{"line":68,"column":3}},"18":{"start":{"line":41,"column":38},"end":{"line":41,"column":46}},"19":{"start":{"line":42,"column":19},"end":{"line":45,"column":6}},"20":{"start":{"line":46,"column":4},"end":{"line":53,"column":5}},"21":{"start":{"line":47,"column":6},"end":{"line":52,"column":9}},"22":{"start":{"line":54,"column":4},"end":{"line":58,"column":7}},"23":{"start":{"line":59,"column":4},"end":{"line":59,"column":41}},"24":{"start":{"line":60,"column":4},"end":{"line":60,"column":26}},"25":{"start":{"line":61,"column":4},"end":{"line":65,"column":7}},"26":{"start":{"line":67,"column":4},"end":{"line":67,"column":69}},"27":{"start":{"line":72,"column":0},"end":{"line":98,"column":3}},"28":{"start":{"line":73,"column":2},"end":{"line":97,"column":3}},"29":{"start":{"line":74,"column":49},"end":{"line":74,"column":57}},"30":{"start":{"line":75,"column":19},"end":{"line":78,"column":6}},"31":{"start":{"line":79,"column":4},"end":{"line":85,"column":5}},"32":{"start":{"line":80,"column":6},"end":{"line":84,"column":9}},"33":{"start":{"line":86,"column":4},"end":{"line":92,"column":7}},"34":{"start":{"line":93,"column":4},"end":{"line":93,"column":26}},"35":{"start":{"line":94,"column":4},"end":{"line":94,"column":79}},"36":{"start":{"line":96,"column":4},"end":{"line":96,"column":69}},"37":{"start":{"line":101,"column":0},"end":{"line":121,"column":3}},"38":{"start":{"line":102,"column":2},"end":{"line":120,"column":3}},"39":{"start":{"line":103,"column":21},"end":{"line":103,"column":29}},"40":{"start":{"line":104,"column":19},"end":{"line":107,"column":6}},"41":{"start":{"line":108,"column":4},"end":{"line":114,"column":5}},"42":{"start":{"line":109,"column":6},"end":{"line":113,"column":9}},"43":{"start":{"line":115,"column":4},"end":{"line":115,"column":53}},"44":{"start":{"line":116,"column":4},"end":{"line":116,"column":26}},"45":{"start":{"line":117,"column":4},"end":{"line":117,"column":42}},"46":{"start":{"line":119,"column":4},"end":{"line":119,"column":69}},"47":{"start":{"line":124,"column":0},"end":{"line":147,"column":3}},"48":{"start":{"line":125,"column":2},"end":{"line":146,"column":3}},"49":{"start":{"line":126,"column":26},"end":{"line":126,"column":34}},"50":{"start":{"line":127,"column":21},"end":{"line":130,"column":6}},"51":{"start":{"line":131,"column":4},"end":{"line":134,"column":70}},"52":{"start":{"line":132,"column":6},"end":{"line":134,"column":70}},"53":{"start":{"line":135,"column":18},"end":{"line":135,"column":56}},"54":{"start":{"line":136,"column":4},"end":{"line":139,"column":65}},"55":{"start":{"line":137,"column":6},"end":{"line":139,"column":65}},"56":{"start":{"line":140,"column":4},"end":{"line":140,"column":32}},"57":{"start":{"line":141,"column":4},"end":{"line":141,"column":54}},"58":{"start":{"line":142,"column":4},"end":{"line":142,"column":26}},"59":{"start":{"line":143,"column":4},"end":{"line":143,"column":42}},"60":{"start":{"line":145,"column":4},"end":{"line":145,"column":69}},"61":{"start":{"line":149,"column":0},"end":{"line":149,"column":24}}},"fnMap":{"0":{"name":"(anonymous_0)","decl":{"start":{"line":7,"column":25},"end":{"line":7,"column":26}},"loc":{"start":{"line":7,"column":45},"end":{"line":14,"column":1}},"line":7},"1":{"name":"(anonymous_1)","decl":{"start":{"line":17,"column":33},"end":{"line":17,"column":34}},"loc":{"start":{"line":17,"column":53},"end":{"line":36,"column":1}},"line":17},"2":{"name":"(anonymous_2)","decl":{"start":{"line":39,"column":42},"end":{"line":39,"column":43}},"loc":{"start":{"line":39,"column":62},"end":{"line":69,"column":1}},"line":39},"3":{"name":"(anonymous_3)","decl":{"start":{"line":72,"column":40},"end":{"line":72,"column":41}},"loc":{"start":{"line":72,"column":60},"end":{"line":98,"column":1}},"line":72},"4":{"name":"(anonymous_4)","decl":{"start":{"line":101,"column":40},"end":{"line":101,"column":41}},"loc":{"start":{"line":101,"column":60},"end":{"line":121,"column":1}},"line":101},"5":{"name":"(anonymous_5)","decl":{"start":{"line":124,"column":48},"end":{"line":124,"column":49}},"loc":{"start":{"line":124,"column":68},"end":{"line":147,"column":1}},"line":124}},"branchMap":{"0":{"loc":{"start":{"line":23,"column":4},"end":{"line":31,"column":5}},"type":"if","locations":[{"start":{"line":23,"column":4},"end":{"line":31,"column":5}},{"start":{},"end":{}}],"line":23},"1":{"loc":{"start":{"line":46,"column":4},"end":{"line":53,"column":5}},"type":"if","locations":[{"start":{"line":46,"column":4},"end":{"line":53,"column":5}},{"start":{},"end":{}}],"line":46},"2":{"loc":{"start":{"line":55,"column":12},"end":{"line":55,"column":58}},"type":"binary-expr","locations":[{"start":{"line":55,"column":12},"end":{"line":55,"column":16}},{"start":{"line":55,"column":20},"end":{"line":55,"column":58}}],"line":55},"3":{"loc":{"start":{"line":79,"column":4},"end":{"line":85,"column":5}},"type":"if","locations":[{"start":{"line":79,"column":4},"end":{"line":85,"column":5}},{"start":{},"end":{}}],"line":79},"4":{"loc":{"start":{"line":89,"column":16},"end":{"line":89,"column":31}},"type":"binary-expr","locations":[{"start":{"line":89,"column":16},"end":{"line":89,"column":24}},{"start":{"line":89,"column":28},"end":{"line":89,"column":31}}],"line":89},"5":{"loc":{"start":{"line":108,"column":4},"end":{"line":114,"column":5}},"type":"if","locations":[{"start":{"line":108,"column":4},"end":{"line":114,"column":5}},{"start":{},"end":{}}],"line":108},"6":{"loc":{"start":{"line":131,"column":4},"end":{"line":134,"column":70}},"type":"if","locations":[{"start":{"line":131,"column":4},"end":{"line":134,"column":70}},{"start":{},"end":{}}],"line":131},"7":{"loc":{"start":{"line":136,"column":4},"end":{"line":139,"column":65}},"type":"if","locations":[{"start":{"line":136,"column":4},"end":{"line":139,"column":65}},{"start":{},"end":{}}],"line":136},"8":{"loc":{"start":{"line":141,"column":24},"end":{"line":141,"column":53}},"type":"cond-expr","locations":[{"start":{"line":141,"column":36},"end":{"line":141,"column":46}},{"start":{"line":141,"column":49},"end":{"line":141,"column":53}}],"line":141}},"s":{"0":9,"1":9,"2":9,"3":9,"4":9,"5":1,"6":1,"7":1,"8":0,"9":9,"10":1,"11":1,"12":1,"13":1,"14":1,"15":0,"16":9,"17":1,"18":1,"19":1,"20":1,"21":1,"22":1,"23":1,"24":1,"25":1,"26":0,"27":9,"28":1,"29":1,"30":1,"31":1,"32":1,"33":1,"34":1,"35":1,"36":0,"37":9,"38":2,"39":2,"40":2,"41":2,"42":2,"43":2,"44":2,"45":2,"46":0,"47":9,"48":2,"49":2,"50":2,"51":2,"52":1,"53":1,"54":1,"55":0,"56":1,"57":1,"58":1,"59":1,"60":0,"61":9},"f":{"0":1,"1":1,"2":1,"3":1,"4":2,"5":2},"b":{"0":[1,0],"1":[1,0],"2":[1,0],"3":[1,0],"4":[1,0],"5":[2,0],"6":[1,1],"7":[0,1],"8":[1,0]},"_coverageSchema":"1a1c01bbd47fc00a2c39e90264f33305004495a9","hash":"cf6e12f33016d3605d97791419efd60c117a6e60"}
,"/Users/mohammadabdullahrihan/Projects/The-wait/thewait-backend/routes/workout.js": {"path":"/Users/mohammadabdullahrihan/Projects/The-wait/thewait-backend/routes/workout.js","statementMap":{"0":{"start":{"line":1,"column":16},"end":{"line":1,"column":34}},"1":{"start":{"line":2,"column":15},"end":{"line":2,"column":31}},"2":{"start":{"line":3,"column":16},"end":{"line":3,"column":44}},"3":{"start":{"line":4,"column":20},"end":{"line":4,"column":49}},"4":{"start":{"line":7,"column":0},"end":{"line":17,"column":3}},"5":{"start":{"line":8,"column":2},"end":{"line":16,"column":3}},"6":{"start":{"line":9,"column":21},"end":{"line":12,"column":6}},"7":{"start":{"line":13,"column":4},"end":{"line":13,"column":42}},"8":{"start":{"line":15,"column":4},"end":{"line":15,"column":69}},"9":{"start":{"line":20,"column":0},"end":{"line":39,"column":3}},"10":{"start":{"line":21,"column":2},"end":{"line":38,"column":3}},"11":{"start":{"line":23,"column":6},"end":{"line":23,"column":14}},"12":{"start":{"line":24,"column":20},"end":{"line":32,"column":6}},"13":{"start":{"line":33,"column":4},"end":{"line":35,"column":80}},"14":{"start":{"line":37,"column":4},"end":{"line":37,"column":69}},"15":{"start":{"line":42,"column":0},"end":{"line":55,"column":3}},"16":{"start":{"line":43,"column":2},"end":{"line":54,"column":3}},"17":{"start":{"line":44,"column":17},"end":{"line":44,"column":48}},"18":{"start":{"line":45,"column":22},"end":{"line":45,"column":32}},"19":{"start":{"line":46,"column":4},"end":{"line":46,"column":50}},"20":{"start":{"line":47,"column":21},"end":{"line":50,"column":25}},"21":{"start":{"line":51,"column":4},"end":{"line":51,"column":42}},"22":{"start":{"line":53,"column":4},"end":{"line":53,"column":69}},"23":{"start":{"line":58,"column":0},"end":{"line":72,"column":3}},"24":{"start":{"line":59,"column":2},"end":{"line":71,"column":3}},"25":{"start":{"line":60,"column":20},"end":{"line":63,"column":6}},"26":{"start":{"line":64,"column":4},"end":{"line":67,"column":71}},"27":{"start":{"line":65,"column":6},"end":{"line":67,"column":71}},"28":{"start":{"line":68,"column":4},"end":{"line":68,"column":72}},"29":{"start":{"line":70,"column":4},"end":{"line":70,"column":69}},"30":{"start":{"line":74,"column":0},"end":{"line":74,"column":24}}},"fnMap":{"0":{"name":"(anonymous_0)","decl":{"start":{"line":7,"column":30},"end":{"line":7,"column":31}},"loc":{"start":{"line":7,"column":50},"end":{"line":17,"column":1}},"line":7},"1":{"name":"(anonymous_1)","decl":{"start":{"line":20,"column":26},"end":{"line":20,"column":27}},"loc":{"start":{"line":20,"column":46},"end":{"line":39,"column":1}},"line":20},"2":{"name":"(anonymous_2)","decl":{"start":{"line":42,"column":38},"end":{"line":42,"column":39}},"loc":{"start":{"line":42,"column":58},"end":{"line":55,"column":1}},"line":42},"3":{"name":"(anonymous_3)","decl":{"start":{"line":58,"column":31},"end":{"line":58,"column":32}},"loc":{"start":{"line":58,"column":51},"end":{"line":72,"column":1}},"line":58}},"branchMap":{"0":{"loc":{"start":{"line":44,"column":17},"end":{"line":44,"column":48}},"type":"binary-expr","locations":[{"start":{"line":44,"column":17},"end":{"line":44,"column":42}},{"start":{"line":44,"column":46},"end":{"line":44,"column":48}}],"line":44},"1":{"loc":{"start":{"line":64,"column":4},"end":{"line":67,"column":71}},"type":"if","locations":[{"start":{"line":64,"column":4},"end":{"line":67,"column":71}},{"start":{},"end":{}}],"line":64}},"s":{"0":9,"1":9,"2":9,"3":9,"4":9,"5":2,"6":2,"7":2,"8":0,"9":9,"10":3,"11":3,"12":3,"13":3,"14":0,"15":9,"16":1,"17":1,"18":1,"19":1,"20":1,"21":1,"22":0,"23":9,"24":2,"25":2,"26":2,"27":1,"28":1,"29":0,"30":9},"f":{"0":2,"1":3,"2":1,"3":2},"b":{"0":[1,0],"1":[1,1]},"_coverageSchema":"1a1c01bbd47fc00a2c39e90264f33305004495a9","hash":"114028ba875e97b46c22ae0b38891ccf60b61488"}
}
