TN:
SF:server.js
FN:56,(anonymous_0)
FN:65,(anonymous_1)
FN:74,(anonymous_2)
FN:82,(anonymous_3)
FNF:4
FNH:2
FNDA:1,(anonymous_0)
FNDA:0,(anonymous_1)
FNDA:1,(anonymous_2)
FNDA:0,(anonymous_3)
DA:1,9
DA:2,9
DA:3,9
DA:4,9
DA:5,9
DA:6,9
DA:7,9
DA:9,9
DA:12,9
DA:13,0
DA:17,9
DA:18,9
DA:26,9
DA:34,9
DA:37,9
DA:38,9
DA:41,9
DA:42,0
DA:46,9
DA:47,9
DA:48,9
DA:49,9
DA:50,9
DA:51,9
DA:52,9
DA:53,9
DA:56,9
DA:57,1
DA:65,9
DA:66,0
DA:67,0
DA:74,9
DA:75,1
DA:80,9
DA:81,9
DA:82,0
DA:83,0
DA:84,0
DA:88,9
LF:39
LH:32
BRDA:12,0,0,0
BRDA:12,0,1,9
BRDA:20,1,0,9
BRDA:20,1,1,9
BRDA:41,2,0,0
BRDA:41,2,1,9
BRDA:67,3,0,0
BRDA:67,3,1,0
BRDA:69,4,0,0
BRDA:69,4,1,0
BRDA:80,5,0,9
BRDA:80,5,1,0
BRDA:81,6,0,0
BRDA:81,6,1,9
BRF:14
BRH:6
end_of_record
TN:
SF:middleware/auth.js
FN:4,(anonymous_0)
FNF:1
FNH:1
FNDA:52,(anonymous_0)
DA:1,9
DA:2,9
DA:4,9
DA:6,52
DA:10,46
DA:12,52
DA:13,6
DA:17,46
DA:18,46
DA:19,46
DA:20,46
DA:21,0
DA:25,46
DA:27,0
DA:31,9
LF:15
LH:13
BRDA:6,0,0,46
BRDA:6,0,1,6
BRDA:7,1,0,52
BRDA:7,1,1,46
BRDA:12,2,0,6
BRDA:12,2,1,46
BRDA:20,3,0,0
BRDA:20,3,1,46
BRF:8
BRH:7
end_of_record
TN:
SF:models/Habit.js
FN:29,(anonymous_0)
FNF:1
FNH:1
FNDA:3,(anonymous_0)
DA:1,9
DA:3,9
DA:26,9
DA:29,9
DA:30,3
DA:31,3
DA:40,3
DA:43,9
LF:8
LH:8
BRDA:30,0,0,3
BRDA:30,0,1,0
BRF:2
BRH:1
end_of_record
TN:
SF:models/Journal.js
FNF:0
FNH:0
DA:1,9
DA:3,9
DA:21,9
DA:23,9
LF:4
LH:4
BRF:0
BRH:0
end_of_record
TN:
SF:models/Milestone.js
FNF:0
FNH:0
DA:1,9
DA:3,9
DA:30,9
LF:3
LH:3
BRF:0
BRH:0
end_of_record
TN:
SF:models/Routine.js
FNF:0
FNH:0
DA:1,9
DA:3,9
DA:31,9
DA:33,9
LF:4
LH:4
BRF:0
BRH:0
end_of_record
TN:
SF:models/StudyProgress.js
FNF:0
FNH:0
DA:1,9
DA:3,9
DA:51,9
DA:53,9
LF:4
LH:4
BRF:0
BRH:0
end_of_record
TN:
SF:models/User.js
FN:50,(anonymous_0)
FN:57,(anonymous_1)
FN:62,(anonymous_2)
FNF:3
FNH:3
FNDA:45,(anonymous_0)
FNDA:2,(anonymous_1)
FNDA:3,(anonymous_2)
DA:1,9
DA:2,9
DA:4,9
DA:50,9
DA:51,45
DA:52,42
DA:53,42
DA:57,9
DA:58,2
DA:62,9
DA:63,3
DA:64,3
DA:67,9
LF:13
LH:13
BRDA:51,0,0,3
BRDA:51,0,1,42
BRF:2
BRH:2
end_of_record
TN:
SF:models/Workout.js
FNF:0
FNH:0
DA:1,9
DA:3,9
DA:40,9
DA:42,9
LF:4
LH:4
BRF:0
BRH:0
end_of_record
TN:
SF:routes/analytics.js
FN:12,(anonymous_0)
FN:46,(anonymous_1)
FN:52,(anonymous_2)
FN:67,(anonymous_3)
FN:74,(anonymous_4)
FN:79,(anonymous_5)
FN:86,(anonymous_6)
FN:89,(anonymous_7)
FN:93,(anonymous_8)
FN:98,(anonymous_9)
FN:104,(anonymous_10)
FN:133,(anonymous_11)
FN:136,(anonymous_12)
FN:142,(anonymous_13)
FN:155,(anonymous_14)
FN:164,(anonymous_15)
FNF:16
FNH:2
FNDA:1,(anonymous_0)
FNDA:0,(anonymous_1)
FNDA:0,(anonymous_2)
FNDA:0,(anonymous_3)
FNDA:0,(anonymous_4)
FNDA:0,(anonymous_5)
FNDA:0,(anonymous_6)
FNDA:0,(anonymous_7)
FNDA:0,(anonymous_8)
FNDA:0,(anonymous_9)
FNDA:0,(anonymous_10)
FNDA:0,(anonymous_11)
FNDA:0,(anonymous_12)
FNDA:0,(anonymous_13)
FNDA:1,(anonymous_14)
FNDA:0,(anonymous_15)
DA:1,9
DA:2,9
DA:3,9
DA:4,9
DA:5,9
DA:6,9
DA:7,9
DA:8,9
DA:9,9
DA:12,9
DA:13,1
DA:14,1
DA:15,1
DA:16,1
DA:17,1
DA:19,1
DA:20,1
DA:31,1
DA:44,1
DA:46,0
DA:50,1
DA:52,0
DA:58,1
DA:65,1
DA:67,0
DA:72,1
DA:73,1
DA:74,0
DA:77,1
DA:79,0
DA:84,1
DA:85,1
DA:86,0
DA:88,1
DA:89,0
DA:93,1
DA:98,1
DA:104,1
DA:109,1
DA:133,0
DA:136,0
DA:142,0
DA:150,0
DA:155,9
DA:156,1
DA:157,1
DA:158,1
DA:159,1
DA:160,1
DA:164,1
DA:168,1
DA:170,0
DA:174,9
LF:53
LH:41
BRDA:44,0,0,0
BRDA:44,0,1,1
BRDA:50,1,0,0
BRDA:50,1,1,1
BRDA:58,2,0,0
BRDA:58,2,1,1
BRDA:65,3,0,0
BRDA:65,3,1,1
BRDA:77,4,0,0
BRDA:77,4,1,1
BRDA:123,5,0,0
BRDA:123,5,1,1
BRDA:138,6,0,0
BRDA:138,6,1,0
BRF:14
BRH:6
end_of_record
TN:
SF:routes/auth.js
FN:9,(anonymous_0)
FN:26,(anonymous_1)
FN:69,(anonymous_2)
FN:106,(anonymous_3)
FN:112,(anonymous_4)
FNF:5
FNH:3
FNDA:3,(anonymous_0)
FNDA:2,(anonymous_1)
FNDA:2,(anonymous_2)
FNDA:0,(anonymous_3)
FNDA:0,(anonymous_4)
DA:1,9
DA:2,9
DA:3,9
DA:4,9
DA:5,9
DA:6,9
DA:9,9
DA:10,3
DA:17,9
DA:27,2
DA:28,2
DA:29,0
DA:31,2
DA:32,2
DA:33,2
DA:34,2
DA:35,0
DA:40,2
DA:41,2
DA:42,2
DA:57,0
DA:63,9
DA:70,2
DA:71,2
DA:72,0
DA:74,2
DA:75,2
DA:76,2
DA:77,2
DA:78,1
DA:82,1
DA:83,1
DA:100,0
DA:106,9
DA:107,0
DA:108,0
DA:112,9
DA:113,0
DA:114,0
DA:115,0
DA:120,0
DA:122,0
DA:126,9
LF:43
LH:31
BRDA:28,0,0,0
BRDA:28,0,1,2
BRDA:34,1,0,0
BRDA:34,1,1,2
BRDA:71,2,0,0
BRDA:71,2,1,2
BRDA:77,3,0,1
BRDA:77,3,1,1
BRDA:77,4,0,2
BRDA:77,4,1,2
BRF:10
BRH:7
end_of_record
TN:
SF:routes/habits.js
FN:8,(anonymous_0)
FN:36,(anonymous_1)
FN:73,(anonymous_2)
FN:88,(anonymous_3)
FN:105,updateStreak
FN:133,checkBadges
FN:135,(anonymous_6)
FNF:7
FNH:6
FNDA:1,(anonymous_0)
FNDA:3,(anonymous_1)
FNDA:1,(anonymous_2)
FNDA:1,(anonymous_3)
FNDA:3,updateStreak
FNDA:3,checkBadges
FNDA:0,(anonymous_6)
DA:1,9
DA:2,9
DA:3,9
DA:4,9
DA:5,9
DA:8,9
DA:9,1
DA:10,1
DA:14,1
DA:15,1
DA:29,1
DA:31,0
DA:36,9
DA:37,3
DA:38,3
DA:39,3
DA:43,3
DA:44,1
DA:45,1
DA:46,1
DA:48,2
DA:56,3
DA:57,3
DA:62,3
DA:64,3
DA:66,3
DA:68,0
DA:73,9
DA:74,1
DA:75,1
DA:76,1
DA:83,0
DA:88,9
DA:89,1
DA:90,1
DA:91,1
DA:92,1
DA:93,1
DA:94,1
DA:98,1
DA:100,0
DA:106,3
DA:107,3
DA:108,3
DA:109,3
DA:111,3
DA:112,3
DA:114,3
DA:115,3
DA:116,0
DA:120,0
DA:121,0
DA:122,0
DA:124,0
DA:125,0
DA:126,0
DA:127,0
DA:134,3
DA:135,3
DA:137,3
DA:164,3
DA:165,12
DA:166,0
DA:174,3
DA:175,3
DA:178,9
LF:66
LH:53
BRDA:14,0,0,1
BRDA:14,0,1,0
BRDA:43,1,0,1
BRDA:43,1,1,2
BRDA:90,2,0,1
BRDA:90,2,1,0
BRDA:115,3,0,0
BRDA:115,3,1,3
BRDA:115,4,0,3
BRDA:115,4,1,0
BRDA:116,5,0,0
BRDA:116,5,1,0
BRDA:117,6,0,0
BRDA:117,6,1,0
BRDA:121,7,0,0
BRDA:121,7,1,0
BRDA:121,8,0,0
BRDA:121,8,1,0
BRDA:165,9,0,0
BRDA:165,9,1,12
BRDA:165,10,0,12
BRDA:165,10,1,12
BRF:22
BRH:9
end_of_record
TN:
SF:routes/journal.js
FN:7,(anonymous_0)
FN:31,(anonymous_1)
FN:66,(anonymous_2)
FN:79,(anonymous_3)
FNF:4
FNH:4
FNDA:1,(anonymous_0)
FNDA:3,(anonymous_1)
FNDA:1,(anonymous_2)
FNDA:1,(anonymous_3)
DA:1,9
DA:2,9
DA:3,9
DA:4,9
DA:7,9
DA:8,1
DA:9,1
DA:13,1
DA:14,1
DA:24,1
DA:26,0
DA:31,9
DA:32,3
DA:34,3
DA:35,3
DA:39,3
DA:40,1
DA:41,1
DA:42,1
DA:43,1
DA:44,1
DA:45,1
DA:46,1
DA:48,2
DA:59,3
DA:61,0
DA:66,9
DA:67,1
DA:68,1
DA:69,1
DA:72,1
DA:74,0
DA:79,9
DA:80,1
DA:81,1
DA:85,1
DA:87,0
DA:91,9
LF:38
LH:34
BRDA:13,0,0,1
BRDA:13,0,1,0
BRDA:39,1,0,1
BRDA:39,1,1,2
BRDA:68,2,0,1
BRDA:68,2,1,0
BRF:6
BRH:4
end_of_record
TN:
SF:routes/milestones.js
FN:8,(anonymous_0)
FN:21,(anonymous_1)
FN:52,(anonymous_2)
FN:72,(anonymous_3)
FNF:4
FNH:4
FNDA:2,(anonymous_0)
FNDA:4,(anonymous_1)
FNDA:2,(anonymous_2)
FNDA:2,(anonymous_3)
DA:1,9
DA:2,9
DA:3,9
DA:4,9
DA:8,9
DA:9,2
DA:10,2
DA:13,2
DA:15,0
DA:21,9
DA:22,4
DA:32,4
DA:33,4
DA:44,4
DA:46,0
DA:52,9
DA:53,2
DA:54,2
DA:59,2
DA:60,1
DA:64,1
DA:66,0
DA:72,9
DA:73,2
DA:74,2
DA:78,2
DA:79,1
DA:83,1
DA:85,0
DA:89,9
LF:30
LH:26
BRDA:59,0,0,1
BRDA:59,0,1,1
BRDA:78,1,0,1
BRDA:78,1,1,1
BRF:4
BRH:4
end_of_record
TN:
SF:routes/routines.js
FN:8,(anonymous_0)
FN:104,(anonymous_1)
FN:114,(anonymous_2)
FN:120,(anonymous_3)
FN:146,(anonymous_4)
FN:167,(anonymous_5)
FN:183,(anonymous_6)
FN:197,(anonymous_7)
FN:199,(anonymous_8)
FN:211,(anonymous_9)
FN:224,(anonymous_10)
FNF:11
FNH:8
FNDA:1,(anonymous_0)
FNDA:3,(anonymous_1)
FNDA:2,(anonymous_2)
FNDA:1,(anonymous_3)
FNDA:1,(anonymous_4)
FNDA:1,(anonymous_5)
FNDA:1,(anonymous_6)
FNDA:1,(anonymous_7)
FNDA:0,(anonymous_8)
FNDA:0,(anonymous_9)
FNDA:0,(anonymous_10)
DA:1,9
DA:2,9
DA:3,9
DA:4,9
DA:5,9
DA:8,9
DA:9,1
DA:10,1
DA:11,1
DA:16,1
DA:18,1
DA:97,1
DA:99,0
DA:104,9
DA:105,3
DA:106,3
DA:107,3
DA:112,3
DA:113,2
DA:114,2
DA:115,2
DA:118,2
DA:120,1
DA:121,1
DA:124,1
DA:133,3
DA:134,0
DA:135,0
DA:139,3
DA:141,0
DA:146,9
DA:147,1
DA:148,1
DA:149,1
DA:154,1
DA:155,0
DA:159,1
DA:160,1
DA:161,0
DA:165,1
DA:166,1
DA:167,1
DA:168,1
DA:171,1
DA:173,1
DA:174,1
DA:176,1
DA:178,0
DA:183,9
DA:184,1
DA:185,1
DA:186,1
DA:191,1
DA:192,0
DA:196,1
DA:197,1
DA:199,1
DA:200,1
DA:203,1
DA:204,1
DA:206,0
DA:211,9
DA:212,0
DA:213,0
DA:217,0
DA:219,0
DA:224,9
DA:225,0
DA:226,0
DA:227,0
DA:228,0
DA:229,0
DA:230,0
DA:231,0
DA:233,0
DA:237,0
DA:239,0
DA:243,9
LF:78
LH:55
BRDA:14,0,0,1
BRDA:14,0,1,1
BRDA:16,1,0,1
BRDA:16,1,1,0
BRDA:110,2,0,3
BRDA:110,2,1,3
BRDA:112,3,0,2
BRDA:112,3,1,1
BRDA:121,4,0,1
BRDA:121,4,1,0
BRDA:127,5,0,1
BRDA:127,5,1,1
BRDA:133,6,0,0
BRDA:133,6,1,3
BRDA:152,7,0,1
BRDA:152,7,1,1
BRDA:154,8,0,0
BRDA:154,8,1,1
BRDA:160,9,0,0
BRDA:160,9,1,1
BRDA:166,10,0,1
BRDA:166,10,1,0
BRDA:173,11,0,1
BRDA:173,11,1,0
BRDA:189,12,0,1
BRDA:189,12,1,1
BRDA:191,13,0,0
BRDA:191,13,1,1
BRDA:200,14,0,0
BRDA:200,14,1,1
BRF:30
BRH:21
end_of_record
TN:
SF:routes/study.js
FN:7,(anonymous_0)
FN:17,(anonymous_1)
FN:39,(anonymous_2)
FN:72,(anonymous_3)
FN:101,(anonymous_4)
FN:124,(anonymous_5)
FNF:6
FNH:6
FNDA:1,(anonymous_0)
FNDA:1,(anonymous_1)
FNDA:1,(anonymous_2)
FNDA:1,(anonymous_3)
FNDA:2,(anonymous_4)
FNDA:2,(anonymous_5)
DA:1,9
DA:2,9
DA:3,9
DA:4,9
DA:7,9
DA:8,1
DA:9,1
DA:10,1
DA:12,0
DA:17,9
DA:18,1
DA:19,1
DA:23,1
DA:24,1
DA:32,1
DA:34,0
DA:39,9
DA:40,1
DA:41,1
DA:42,1
DA:46,1
DA:47,1
DA:54,1
DA:59,1
DA:60,1
DA:61,1
DA:67,0
DA:72,9
DA:73,1
DA:74,1
DA:75,1
DA:79,1
DA:80,1
DA:86,1
DA:93,1
DA:94,1
DA:96,0
DA:101,9
DA:102,2
DA:103,2
DA:104,2
DA:108,2
DA:109,2
DA:115,2
DA:116,2
DA:117,2
DA:119,0
DA:124,9
DA:125,2
DA:126,2
DA:127,2
DA:131,2
DA:132,1
DA:135,1
DA:136,1
DA:137,0
DA:140,1
DA:141,1
DA:142,1
DA:143,1
DA:145,0
DA:149,9
LF:62
LH:55
BRDA:23,0,0,1
BRDA:23,0,1,0
BRDA:46,1,0,1
BRDA:46,1,1,0
BRDA:55,2,0,1
BRDA:55,2,1,0
BRDA:79,3,0,1
BRDA:79,3,1,0
BRDA:89,4,0,1
BRDA:89,4,1,0
BRDA:108,5,0,2
BRDA:108,5,1,0
BRDA:131,6,0,1
BRDA:131,6,1,1
BRDA:136,7,0,0
BRDA:136,7,1,1
BRDA:141,8,0,1
BRDA:141,8,1,0
BRF:18
BRH:10
end_of_record
TN:
SF:routes/workout.js
FN:7,(anonymous_0)
FN:20,(anonymous_1)
FN:42,(anonymous_2)
FN:58,(anonymous_3)
FNF:4
FNH:4
FNDA:2,(anonymous_0)
FNDA:3,(anonymous_1)
FNDA:1,(anonymous_2)
FNDA:2,(anonymous_3)
DA:1,9
DA:2,9
DA:3,9
DA:4,9
DA:7,9
DA:8,2
DA:9,2
DA:13,2
DA:15,0
DA:20,9
DA:21,3
DA:23,3
DA:24,3
DA:33,3
DA:37,0
DA:42,9
DA:43,1
DA:44,1
DA:45,1
DA:46,1
DA:47,1
DA:51,1
DA:53,0
DA:58,9
DA:59,2
DA:60,2
DA:64,2
DA:65,1
DA:68,1
DA:70,0
DA:74,9
LF:31
LH:27
BRDA:44,0,0,1
BRDA:44,0,1,0
BRDA:64,1,0,1
BRDA:64,1,1,1
BRF:4
BRH:3
end_of_record
